[2025-01-25T11:04:05.033+0000] {local_task_job_runner.py:123} INFO - ::group::Pre task execution logs
[2025-01-25T11:04:05.050+0000] {taskinstance.py:2613} INFO - Dependencies all met for dep_context=non-requeueable deps ti=<TaskInstance: Email_POC.welcome scheduled__2025-01-24T11:04:00+00:00 [queued]>
[2025-01-25T11:04:05.059+0000] {taskinstance.py:2613} INFO - Dependencies all met for dep_context=requeueable deps ti=<TaskInstance: Email_POC.welcome scheduled__2025-01-24T11:04:00+00:00 [queued]>
[2025-01-25T11:04:05.060+0000] {taskinstance.py:2866} INFO - Starting attempt 1 of 1
[2025-01-25T11:04:05.092+0000] {taskinstance.py:2889} INFO - Executing <Task(BashOperator): welcome> on 2025-01-24 11:04:00+00:00
[2025-01-25T11:04:05.096+0000] {standard_task_runner.py:72} INFO - Started process 591 to run task
[2025-01-25T11:04:05.098+0000] {standard_task_runner.py:104} INFO - Running: ['airflow', 'tasks', 'run', 'Email_POC', 'welcome', 'scheduled__2025-01-24T11:04:00+00:00', '--job-id', '39', '--raw', '--subdir', 'DAGS_FOLDER/send_email.py', '--cfg-path', '/tmp/tmp5ysoaew2']
[2025-01-25T11:04:05.100+0000] {standard_task_runner.py:105} INFO - Job 39: Subtask welcome
[2025-01-25T11:04:05.172+0000] {task_command.py:467} INFO - Running <TaskInstance: Email_POC.welcome scheduled__2025-01-24T11:04:00+00:00 [running]> on host c9e3379e1fd2
[2025-01-25T11:04:05.282+0000] {taskinstance.py:3132} INFO - Exporting env vars: AIRFLOW_CTX_DAG_OWNER='airflow' AIRFLOW_CTX_DAG_ID='Email_POC' AIRFLOW_CTX_TASK_ID='welcome' AIRFLOW_CTX_EXECUTION_DATE='2025-01-24T11:04:00+00:00' AIRFLOW_CTX_TRY_NUMBER='1' AIRFLOW_CTX_DAG_RUN_ID='scheduled__2025-01-24T11:04:00+00:00'
[2025-01-25T11:04:05.283+0000] {taskinstance.py:731} INFO - ::endgroup::
[2025-01-25T11:04:05.300+0000] {subprocess.py:78} INFO - Tmp dir root location: /tmp
[2025-01-25T11:04:05.301+0000] {subprocess.py:88} INFO - Running command: ['/usr/bin/bash', '-c', 'echo "Welcome to the ETL pipeline!"']
[2025-01-25T11:04:05.309+0000] {subprocess.py:99} INFO - Output:
[2025-01-25T11:04:05.311+0000] {subprocess.py:106} INFO - Welcome to the ETL pipeline!
[2025-01-25T11:04:05.312+0000] {subprocess.py:110} INFO - Command exited with return code 0
[2025-01-25T11:04:05.361+0000] {taskinstance.py:340} INFO - ::group::Post task execution logs
[2025-01-25T11:04:05.361+0000] {taskinstance.py:352} INFO - Marking task as SUCCESS. dag_id=Email_POC, task_id=welcome, run_id=scheduled__2025-01-24T11:04:00+00:00, execution_date=20250124T110400, start_date=20250125T110405, end_date=20250125T110405
[2025-01-25T11:04:05.393+0000] {local_task_job_runner.py:266} INFO - Task exited with return code 0
[2025-01-25T11:04:05.415+0000] {taskinstance.py:3895} INFO - 1 downstream tasks scheduled from follow-on schedule check
[2025-01-25T11:04:05.428+0000] {local_task_job_runner.py:245} INFO - ::endgroup::
