[2025-01-25T11:02:06.130+0000] {local_task_job_runner.py:123} INFO - ::group::Pre task execution logs
[2025-01-25T11:02:06.151+0000] {taskinstance.py:2613} INFO - Dependencies all met for dep_context=non-requeueable deps ti=<TaskInstance: Email_POC.welcome scheduled__2025-01-24T11:02:00+00:00 [queued]>
[2025-01-25T11:02:06.167+0000] {taskinstance.py:2613} INFO - Dependencies all met for dep_context=requeueable deps ti=<TaskInstance: Email_POC.welcome scheduled__2025-01-24T11:02:00+00:00 [queued]>
[2025-01-25T11:02:06.168+0000] {taskinstance.py:2866} INFO - Starting attempt 1 of 1
[2025-01-25T11:02:06.212+0000] {taskinstance.py:2889} INFO - Executing <Task(BashOperator): welcome> on 2025-01-24 11:02:00+00:00
[2025-01-25T11:02:06.216+0000] {standard_task_runner.py:72} INFO - Started process 556 to run task
[2025-01-25T11:02:06.219+0000] {standard_task_runner.py:104} INFO - Running: ['airflow', 'tasks', 'run', 'Email_POC', 'welcome', 'scheduled__2025-01-24T11:02:00+00:00', '--job-id', '37', '--raw', '--subdir', 'DAGS_FOLDER/send_email.py', '--cfg-path', '/tmp/tmpxds7srap']
[2025-01-25T11:02:06.221+0000] {standard_task_runner.py:105} INFO - Job 37: Subtask welcome
[2025-01-25T11:02:06.320+0000] {task_command.py:467} INFO - Running <TaskInstance: Email_POC.welcome scheduled__2025-01-24T11:02:00+00:00 [running]> on host c9e3379e1fd2
[2025-01-25T11:02:06.437+0000] {taskinstance.py:3132} INFO - Exporting env vars: AIRFLOW_CTX_DAG_OWNER='airflow' AIRFLOW_CTX_DAG_ID='Email_POC' AIRFLOW_CTX_TASK_ID='welcome' AIRFLOW_CTX_EXECUTION_DATE='2025-01-24T11:02:00+00:00' AIRFLOW_CTX_TRY_NUMBER='1' AIRFLOW_CTX_DAG_RUN_ID='scheduled__2025-01-24T11:02:00+00:00'
[2025-01-25T11:02:06.438+0000] {taskinstance.py:731} INFO - ::endgroup::
[2025-01-25T11:02:06.473+0000] {subprocess.py:78} INFO - Tmp dir root location: /tmp
[2025-01-25T11:02:06.475+0000] {subprocess.py:88} INFO - Running command: ['/usr/bin/bash', '-c', 'echo "Welcome to the ETL pipeline!"']
[2025-01-25T11:02:06.484+0000] {subprocess.py:99} INFO - Output:
[2025-01-25T11:02:06.488+0000] {subprocess.py:106} INFO - Welcome to the ETL pipeline!
[2025-01-25T11:02:06.489+0000] {subprocess.py:110} INFO - Command exited with return code 0
[2025-01-25T11:02:06.550+0000] {taskinstance.py:340} INFO - ::group::Post task execution logs
[2025-01-25T11:02:06.551+0000] {taskinstance.py:352} INFO - Marking task as SUCCESS. dag_id=Email_POC, task_id=welcome, run_id=scheduled__2025-01-24T11:02:00+00:00, execution_date=20250124T110200, start_date=20250125T110206, end_date=20250125T110206
[2025-01-25T11:02:06.594+0000] {local_task_job_runner.py:266} INFO - Task exited with return code 0
[2025-01-25T11:02:06.621+0000] {taskinstance.py:3895} INFO - 1 downstream tasks scheduled from follow-on schedule check
[2025-01-25T11:02:06.635+0000] {local_task_job_runner.py:245} INFO - ::endgroup::
