[2025-02-04T11:17:38.305+0000] {local_task_job_runner.py:123} INFO - ::group::Pre task execution logs
[2025-02-04T11:17:38.324+0000] {taskinstance.py:2613} INFO - Dependencies all met for dep_context=non-requeueable deps ti=<TaskInstance: rabbitmq_POC.fetch_reports scheduled__2025-02-03T09:30:00+00:00 [queued]>
[2025-02-04T11:17:38.339+0000] {taskinstance.py:2613} INFO - Dependencies all met for dep_context=requeueable deps ti=<TaskInstance: rabbitmq_POC.fetch_reports scheduled__2025-02-03T09:30:00+00:00 [queued]>
[2025-02-04T11:17:38.340+0000] {taskinstance.py:2866} INFO - Starting attempt 3 of 2
[2025-02-04T11:17:38.384+0000] {taskinstance.py:2889} INFO - Executing <Task(PythonOperator): fetch_reports> on 2025-02-03 09:30:00+00:00
[2025-02-04T11:17:38.389+0000] {standard_task_runner.py:72} INFO - Started process 103 to run task
[2025-02-04T11:17:38.392+0000] {standard_task_runner.py:104} INFO - Running: ['airflow', 'tasks', 'run', 'rabbitmq_POC', 'fetch_reports', 'scheduled__2025-02-03T09:30:00+00:00', '--job-id', '156', '--raw', '--subdir', 'DAGS_FOLDER/rabbitmq_producer.py', '--cfg-path', '/tmp/tmpy7ep7_8x']
[2025-02-04T11:17:38.394+0000] {standard_task_runner.py:105} INFO - Job 156: Subtask fetch_reports
[2025-02-04T11:17:38.517+0000] {task_command.py:467} INFO - Running <TaskInstance: rabbitmq_POC.fetch_reports scheduled__2025-02-03T09:30:00+00:00 [running]> on host dd5dd1ead307
[2025-02-04T11:17:38.687+0000] {taskinstance.py:3132} INFO - Exporting env vars: AIRFLOW_CTX_DAG_OWNER='airflow' AIRFLOW_CTX_DAG_ID='rabbitmq_POC' AIRFLOW_CTX_TASK_ID='fetch_reports' AIRFLOW_CTX_EXECUTION_DATE='2025-02-03T09:30:00+00:00' AIRFLOW_CTX_TRY_NUMBER='3' AIRFLOW_CTX_DAG_RUN_ID='scheduled__2025-02-03T09:30:00+00:00'
[2025-02-04T11:17:38.688+0000] {taskinstance.py:731} INFO - ::endgroup::
[2025-02-04T11:17:38.703+0000] {connection_workflow.py:179} INFO - Pika version 1.3.2 connecting to ('172.18.0.4', 5672)
[2025-02-04T11:17:38.704+0000] {io_services_utils.py:345} INFO - Socket connected: <socket.socket fd=7, family=2, type=1, proto=6, laddr=('172.18.0.5', 35204), raddr=('172.18.0.4', 5672)>
[2025-02-04T11:17:38.706+0000] {connection_workflow.py:428} INFO - Streaming transport linked up: (<pika.adapters.utils.io_services_utils._AsyncPlaintextTransport object at 0x7f5d61bc3c80>, _StreamingProtocolShim: <SelectConnection PROTOCOL transport=<pika.adapters.utils.io_services_utils._AsyncPlaintextTransport object at 0x7f5d61bc3c80> params=<ConnectionParameters host=rabbitmq port=5672 virtual_host=/ ssl=False>>).
[2025-02-04T11:17:38.712+0000] {connection_workflow.py:293} INFO - AMQPConnector - reporting success: <SelectConnection OPEN transport=<pika.adapters.utils.io_services_utils._AsyncPlaintextTransport object at 0x7f5d61bc3c80> params=<ConnectionParameters host=rabbitmq port=5672 virtual_host=/ ssl=False>>
[2025-02-04T11:17:38.713+0000] {connection_workflow.py:725} INFO - AMQPConnectionWorkflow - reporting success: <SelectConnection OPEN transport=<pika.adapters.utils.io_services_utils._AsyncPlaintextTransport object at 0x7f5d61bc3c80> params=<ConnectionParameters host=rabbitmq port=5672 virtual_host=/ ssl=False>>
[2025-02-04T11:17:38.714+0000] {blocking_connection.py:453} INFO - Connection workflow succeeded: <SelectConnection OPEN transport=<pika.adapters.utils.io_services_utils._AsyncPlaintextTransport object at 0x7f5d61bc3c80> params=<ConnectionParameters host=rabbitmq port=5672 virtual_host=/ ssl=False>>
[2025-02-04T11:17:38.715+0000] {blocking_connection.py:1264} INFO - Created channel=1
[2025-02-04T12:31:54.867+0000] {local_task_job_runner.py:127} ERROR - Received SIGTERM. Terminating subprocesses
[2025-02-04T12:31:54.956+0000] {local_task_job_runner.py:127} ERROR - Received SIGTERM. Terminating subprocesses
[2025-02-04T12:31:54.963+0000] {process_utils.py:132} INFO - Sending 15 to group 103. PIDs of all processes in the group: [103]
