[2025-02-04T13:28:12.226+0000] {local_task_job_runner.py:123} INFO - ::group::Pre task execution logs
[2025-02-04T13:28:12.261+0000] {taskinstance.py:2613} INFO - Dependencies all met for dep_context=non-requeueable deps ti=<TaskInstance: rabbitmq_POC.fetch_reports scheduled__2025-02-03T09:30:00+00:00 [queued]>
[2025-02-04T13:28:12.287+0000] {taskinstance.py:2613} INFO - Dependencies all met for dep_context=requeueable deps ti=<TaskInstance: rabbitmq_POC.fetch_reports scheduled__2025-02-03T09:30:00+00:00 [queued]>
[2025-02-04T13:28:12.288+0000] {taskinstance.py:2866} INFO - Starting attempt 7 of 2
[2025-02-04T13:28:12.345+0000] {taskinstance.py:2889} INFO - Executing <Task(PythonOperator): fetch_reports> on 2025-02-03 09:30:00+00:00
[2025-02-04T13:28:12.350+0000] {standard_task_runner.py:72} INFO - Started process 89 to run task
[2025-02-04T13:28:12.356+0000] {standard_task_runner.py:104} INFO - Running: ['airflow', 'tasks', 'run', 'rabbitmq_POC', 'fetch_reports', 'scheduled__2025-02-03T09:30:00+00:00', '--job-id', '168', '--raw', '--subdir', 'DAGS_FOLDER/rabbitmq_producer.py', '--cfg-path', '/tmp/tmpgox0t29f']
[2025-02-04T13:28:12.358+0000] {standard_task_runner.py:105} INFO - Job 168: Subtask fetch_reports
[2025-02-04T13:28:12.464+0000] {task_command.py:467} INFO - Running <TaskInstance: rabbitmq_POC.fetch_reports scheduled__2025-02-03T09:30:00+00:00 [running]> on host 02efb0fff552
[2025-02-04T13:28:12.626+0000] {taskinstance.py:3132} INFO - Exporting env vars: AIRFLOW_CTX_DAG_OWNER='airflow' AIRFLOW_CTX_DAG_ID='rabbitmq_POC' AIRFLOW_CTX_TASK_ID='fetch_reports' AIRFLOW_CTX_EXECUTION_DATE='2025-02-03T09:30:00+00:00' AIRFLOW_CTX_TRY_NUMBER='7' AIRFLOW_CTX_DAG_RUN_ID='scheduled__2025-02-03T09:30:00+00:00'
[2025-02-04T13:28:12.627+0000] {taskinstance.py:731} INFO - ::endgroup::
[2025-02-04T13:28:12.679+0000] {connection_workflow.py:179} INFO - Pika version 1.3.2 connecting to ('172.19.0.3', 5672)
[2025-02-04T13:28:12.681+0000] {io_services_utils.py:345} INFO - Socket connected: <socket.socket fd=7, family=2, type=1, proto=6, laddr=('172.19.0.6', 39786), raddr=('172.19.0.3', 5672)>
[2025-02-04T13:28:12.682+0000] {connection_workflow.py:428} INFO - Streaming transport linked up: (<pika.adapters.utils.io_services_utils._AsyncPlaintextTransport object at 0x7f5dd11f6c30>, _StreamingProtocolShim: <SelectConnection PROTOCOL transport=<pika.adapters.utils.io_services_utils._AsyncPlaintextTransport object at 0x7f5dd11f6c30> params=<ConnectionParameters host=rabbitmq port=5672 virtual_host=/ ssl=False>>).
[2025-02-04T13:28:12.688+0000] {connection_workflow.py:293} INFO - AMQPConnector - reporting success: <SelectConnection OPEN transport=<pika.adapters.utils.io_services_utils._AsyncPlaintextTransport object at 0x7f5dd11f6c30> params=<ConnectionParameters host=rabbitmq port=5672 virtual_host=/ ssl=False>>
[2025-02-04T13:28:12.690+0000] {connection_workflow.py:725} INFO - AMQPConnectionWorkflow - reporting success: <SelectConnection OPEN transport=<pika.adapters.utils.io_services_utils._AsyncPlaintextTransport object at 0x7f5dd11f6c30> params=<ConnectionParameters host=rabbitmq port=5672 virtual_host=/ ssl=False>>
[2025-02-04T13:28:12.692+0000] {blocking_connection.py:453} INFO - Connection workflow succeeded: <SelectConnection OPEN transport=<pika.adapters.utils.io_services_utils._AsyncPlaintextTransport object at 0x7f5dd11f6c30> params=<ConnectionParameters host=rabbitmq port=5672 virtual_host=/ ssl=False>>
[2025-02-04T13:28:12.693+0000] {blocking_connection.py:1264} INFO - Created channel=1
[2025-02-04T14:12:22.313+0000] {local_task_job_runner.py:127} ERROR - Received SIGTERM. Terminating subprocesses
[2025-02-04T14:12:22.319+0000] {process_utils.py:132} INFO - Sending 15 to group 89. PIDs of all processes in the group: [89]
[2025-02-04T14:12:22.320+0000] {process_utils.py:87} INFO - Sending the signal 15 to group 89
[2025-02-04T14:12:22.322+0000] {taskinstance.py:3093} ERROR - Received SIGTERM. Terminating subprocesses.
