[2025-02-04T10:33:12.798+0000] {local_task_job_runner.py:123} INFO - ::group::Pre task execution logs
[2025-02-04T10:33:12.836+0000] {taskinstance.py:2613} INFO - Dependencies all met for dep_context=non-requeueable deps ti=<TaskInstance: rabbitmq_POC.fetch_reports scheduled__2025-02-03T09:30:00+00:00 [queued]>
[2025-02-04T10:33:12.854+0000] {taskinstance.py:2613} INFO - Dependencies all met for dep_context=requeueable deps ti=<TaskInstance: rabbitmq_POC.fetch_reports scheduled__2025-02-03T09:30:00+00:00 [queued]>
[2025-02-04T10:33:12.854+0000] {taskinstance.py:2866} INFO - Starting attempt 2 of 2
[2025-02-04T10:33:12.910+0000] {taskinstance.py:2889} INFO - Executing <Task(PythonOperator): fetch_reports> on 2025-02-03 09:30:00+00:00
[2025-02-04T10:33:12.914+0000] {standard_task_runner.py:72} INFO - Started process 103 to run task
[2025-02-04T10:33:12.918+0000] {standard_task_runner.py:104} INFO - Running: ['airflow', 'tasks', 'run', 'rabbitmq_POC', 'fetch_reports', 'scheduled__2025-02-03T09:30:00+00:00', '--job-id', '152', '--raw', '--subdir', 'DAGS_FOLDER/rabbitmq_producer.py', '--cfg-path', '/tmp/tmpsuh_jpob']
[2025-02-04T10:33:12.921+0000] {standard_task_runner.py:105} INFO - Job 152: Subtask fetch_reports
[2025-02-04T10:33:13.058+0000] {task_command.py:467} INFO - Running <TaskInstance: rabbitmq_POC.fetch_reports scheduled__2025-02-03T09:30:00+00:00 [running]> on host dd5dd1ead307
[2025-02-04T10:33:13.239+0000] {taskinstance.py:3132} INFO - Exporting env vars: AIRFLOW_CTX_DAG_OWNER='airflow' AIRFLOW_CTX_DAG_ID='rabbitmq_POC' AIRFLOW_CTX_TASK_ID='fetch_reports' AIRFLOW_CTX_EXECUTION_DATE='2025-02-03T09:30:00+00:00' AIRFLOW_CTX_TRY_NUMBER='2' AIRFLOW_CTX_DAG_RUN_ID='scheduled__2025-02-03T09:30:00+00:00'
[2025-02-04T10:33:13.241+0000] {taskinstance.py:731} INFO - ::endgroup::
[2025-02-04T10:33:13.261+0000] {connection_workflow.py:179} INFO - Pika version 1.3.2 connecting to ('172.18.0.4', 5672)
[2025-02-04T10:33:13.263+0000] {io_services_utils.py:345} INFO - Socket connected: <socket.socket fd=7, family=2, type=1, proto=6, laddr=('172.18.0.6', 39544), raddr=('172.18.0.4', 5672)>
[2025-02-04T10:33:13.265+0000] {connection_workflow.py:428} INFO - Streaming transport linked up: (<pika.adapters.utils.io_services_utils._AsyncPlaintextTransport object at 0x7ff752342990>, _StreamingProtocolShim: <SelectConnection PROTOCOL transport=<pika.adapters.utils.io_services_utils._AsyncPlaintextTransport object at 0x7ff752342990> params=<ConnectionParameters host=rabbitmq port=5672 virtual_host=/ ssl=False>>).
[2025-02-04T10:33:13.271+0000] {connection_workflow.py:293} INFO - AMQPConnector - reporting success: <SelectConnection OPEN transport=<pika.adapters.utils.io_services_utils._AsyncPlaintextTransport object at 0x7ff752342990> params=<ConnectionParameters host=rabbitmq port=5672 virtual_host=/ ssl=False>>
[2025-02-04T10:33:13.272+0000] {connection_workflow.py:725} INFO - AMQPConnectionWorkflow - reporting success: <SelectConnection OPEN transport=<pika.adapters.utils.io_services_utils._AsyncPlaintextTransport object at 0x7ff752342990> params=<ConnectionParameters host=rabbitmq port=5672 virtual_host=/ ssl=False>>
[2025-02-04T10:33:13.273+0000] {blocking_connection.py:453} INFO - Connection workflow succeeded: <SelectConnection OPEN transport=<pika.adapters.utils.io_services_utils._AsyncPlaintextTransport object at 0x7ff752342990> params=<ConnectionParameters host=rabbitmq port=5672 virtual_host=/ ssl=False>>
[2025-02-04T10:33:13.274+0000] {blocking_connection.py:1264} INFO - Created channel=1
[2025-02-04T11:16:42.986+0000] {local_task_job_runner.py:127} ERROR - Received SIGTERM. Terminating subprocesses
[2025-02-04T11:16:42.997+0000] {process_utils.py:132} INFO - Sending 15 to group 103. PIDs of all processes in the group: [103]
[2025-02-04T11:16:42.999+0000] {process_utils.py:87} INFO - Sending the signal 15 to group 103
