[2025-01-27T11:08:31.411+0000] {local_task_job_runner.py:123} INFO - ::group::Pre task execution logs
[2025-01-27T11:08:31.452+0000] {taskinstance.py:2613} INFO - Dependencies all met for dep_context=non-requeueable deps ti=<TaskInstance: Report_POC.send_reports manual__2025-01-27T11:08:09.946230+00:00 [queued]>
[2025-01-27T11:08:31.478+0000] {taskinstance.py:2613} INFO - Dependencies all met for dep_context=requeueable deps ti=<TaskInstance: Report_POC.send_reports manual__2025-01-27T11:08:09.946230+00:00 [queued]>
[2025-01-27T11:08:31.479+0000] {taskinstance.py:2866} INFO - Starting attempt 1 of 2
[2025-01-27T11:08:31.556+0000] {taskinstance.py:2889} INFO - Executing <Task(PythonOperator): send_reports> on 2025-01-27 11:08:09.946230+00:00
[2025-01-27T11:08:31.561+0000] {standard_task_runner.py:72} INFO - Started process 3385 to run task
[2025-01-27T11:08:31.564+0000] {standard_task_runner.py:104} INFO - Running: ['airflow', 'tasks', 'run', 'Report_POC', 'send_reports', 'manual__2025-01-27T11:08:09.946230+00:00', '--job-id', '118', '--raw', '--subdir', 'DAGS_FOLDER/report_poc.py', '--cfg-path', '/tmp/tmpj4ctrp5o']
[2025-01-27T11:08:31.566+0000] {standard_task_runner.py:105} INFO - Job 118: Subtask send_reports
[2025-01-27T11:08:31.712+0000] {task_command.py:467} INFO - Running <TaskInstance: Report_POC.send_reports manual__2025-01-27T11:08:09.946230+00:00 [running]> on host 085520d1574a
[2025-01-27T11:08:32.078+0000] {taskinstance.py:3132} INFO - Exporting env vars: AIRFLOW_CTX_DAG_EMAIL='saichintada2@gmail.com' AIRFLOW_CTX_DAG_OWNER='airflow' AIRFLOW_CTX_DAG_ID='Report_POC' AIRFLOW_CTX_TASK_ID='send_reports' AIRFLOW_CTX_EXECUTION_DATE='2025-01-27T11:08:09.946230+00:00' AIRFLOW_CTX_TRY_NUMBER='1' AIRFLOW_CTX_DAG_RUN_ID='manual__2025-01-27T11:08:09.946230+00:00'
[2025-01-27T11:08:32.081+0000] {taskinstance.py:731} INFO - ::endgroup::
[2025-01-27T11:08:32.135+0000] {logging_mixin.py:190} INFO - client data is: [{'client_id': 1, 'email': 'adarshchintada2@gmail.com', 'schedule_ist': '30 10 * * *', 'services': ['email']}, {'client_id': 2, 'email': 'adarsh.chintada@nimbleaccounting.com', 'schedule_ist': '45 10 * * *', 'services': ['email']}, {'client_id': 3, 'email': 'n180479@rguktn.ac.in', 'schedule_ist': '30 10 * * *', 'services': ['email', 'sms']}]
[2025-01-27T11:08:32.155+0000] {logging_mixin.py:190} INFO - reports are: {'adarshchintada2@gmail.com': {'detail': 'Not Found'}, 'adarsh.chintada@nimbleaccounting.com': {'detail': 'Not Found'}, 'n180479@rguktn.ac.in': {'detail': 'Not Found'}}
[2025-01-27T11:08:37.823+0000] {logging_mixin.py:190} INFO - Email sent to adarshchintada2@gmail.com
[2025-01-27T11:08:40.899+0000] {logging_mixin.py:190} INFO - Email sent to adarsh.chintada@nimbleaccounting.com
[2025-01-27T11:08:44.504+0000] {logging_mixin.py:190} INFO - Email sent to n180479@rguktn.ac.in
[2025-01-27T11:08:44.505+0000] {python.py:240} INFO - Done. Returned value was: None
[2025-01-27T11:08:44.534+0000] {taskinstance.py:340} INFO - ::group::Post task execution logs
[2025-01-27T11:08:44.536+0000] {taskinstance.py:352} INFO - Marking task as SUCCESS. dag_id=Report_POC, task_id=send_reports, run_id=manual__2025-01-27T11:08:09.946230+00:00, execution_date=20250127T110809, start_date=20250127T110831, end_date=20250127T110844
[2025-01-27T11:08:44.689+0000] {local_task_job_runner.py:266} INFO - Task exited with return code 0
[2025-01-27T11:08:44.741+0000] {taskinstance.py:3895} INFO - 0 downstream tasks scheduled from follow-on schedule check
[2025-01-27T11:08:44.745+0000] {local_task_job_runner.py:245} INFO - ::endgroup::
