[2025-01-25T15:32:27.918+0000] {local_task_job_runner.py:123} INFO - ::group::Pre task execution logs
[2025-01-25T15:32:27.948+0000] {taskinstance.py:2613} INFO - Dependencies all met for dep_context=non-requeueable deps ti=<TaskInstance: Report_POC.send_reports manual__2025-01-25T15:31:52.498458+00:00 [queued]>
[2025-01-25T15:32:27.966+0000] {taskinstance.py:2613} INFO - Dependencies all met for dep_context=requeueable deps ti=<TaskInstance: Report_POC.send_reports manual__2025-01-25T15:31:52.498458+00:00 [queued]>
[2025-01-25T15:32:27.967+0000] {taskinstance.py:2866} INFO - Starting attempt 1 of 2
[2025-01-25T15:32:28.033+0000] {taskinstance.py:2889} INFO - Executing <Task(PythonOperator): send_reports> on 2025-01-25 15:31:52.498458+00:00
[2025-01-25T15:32:28.040+0000] {standard_task_runner.py:72} INFO - Started process 860 to run task
[2025-01-25T15:32:28.046+0000] {standard_task_runner.py:104} INFO - Running: ['airflow', 'tasks', 'run', 'Report_POC', 'send_reports', 'manual__2025-01-25T15:31:52.498458+00:00', '--job-id', '74', '--raw', '--subdir', 'DAGS_FOLDER/report_poc.py', '--cfg-path', '/tmp/tmpnn_xish7']
[2025-01-25T15:32:28.049+0000] {standard_task_runner.py:105} INFO - Job 74: Subtask send_reports
[2025-01-25T15:32:28.189+0000] {task_command.py:467} INFO - Running <TaskInstance: Report_POC.send_reports manual__2025-01-25T15:31:52.498458+00:00 [running]> on host fe9b2aa6cdcc
[2025-01-25T15:32:28.379+0000] {taskinstance.py:3132} INFO - Exporting env vars: AIRFLOW_CTX_DAG_OWNER='airflow' AIRFLOW_CTX_DAG_ID='Report_POC' AIRFLOW_CTX_TASK_ID='send_reports' AIRFLOW_CTX_EXECUTION_DATE='2025-01-25T15:31:52.498458+00:00' AIRFLOW_CTX_TRY_NUMBER='1' AIRFLOW_CTX_DAG_RUN_ID='manual__2025-01-25T15:31:52.498458+00:00'
[2025-01-25T15:32:28.381+0000] {taskinstance.py:731} INFO - ::endgroup::
[2025-01-25T15:32:28.424+0000] {logging_mixin.py:190} INFO - client data is: [{'client_id': 1, 'email': 'adarshchintada2@gmail.com', 'schedule_ist': '30 10 * * *', 'services': ['email']}, {'client_id': 2, 'email': 'adarsh.chintada@nimbleaccounting.com', 'schedule_ist': '45 10 * * *', 'services': ['email']}, {'client_id': 3, 'email': 'n180479@rguktn.ac.in', 'schedule_ist': '30 10 * * *', 'services': ['email', 'sms']}]
[2025-01-25T15:32:28.439+0000] {logging_mixin.py:190} INFO - reports are: {'adarshchintada2@gmail.com': {'detail': [{'type': 'missing', 'loc': ['body', 'file'], 'msg': 'Field required', 'input': None}, {'type': 'string_type', 'loc': ['body', 'date'], 'msg': 'Input should be a valid string', 'input': {'filename': 'date', 'file': {'_file': {}, '_max_size': 1048576, '_rolled': False, '_TemporaryFileArgs': {'mode': 'w+b', 'buffering': -1, 'suffix': None, 'prefix': None, 'encoding': None, 'newline': None, 'dir': None, 'errors': None}}, 'size': 10, 'headers': {'content-disposition': 'form-data; name="date"; filename="date"'}}}]}, 'adarsh.chintada@nimbleaccounting.com': {'detail': [{'type': 'missing', 'loc': ['body', 'file'], 'msg': 'Field required', 'input': None}, {'type': 'string_type', 'loc': ['body', 'date'], 'msg': 'Input should be a valid string', 'input': {'filename': 'date', 'file': {'_file': {}, '_max_size': 1048576, '_rolled': False, '_TemporaryFileArgs': {'mode': 'w+b', 'buffering': -1, 'suffix': None, 'prefix': None, 'encoding': None, 'newline': None, 'dir': None, 'errors': None}}, 'size': 10, 'headers': {'content-disposition': 'form-data; name="date"; filename="date"'}}}]}, 'n180479@rguktn.ac.in': {'detail': [{'type': 'missing', 'loc': ['body', 'file'], 'msg': 'Field required', 'input': None}, {'type': 'string_type', 'loc': ['body', 'date'], 'msg': 'Input should be a valid string', 'input': {'filename': 'date', 'file': {'_file': {}, '_max_size': 1048576, '_rolled': False, '_TemporaryFileArgs': {'mode': 'w+b', 'buffering': -1, 'suffix': None, 'prefix': None, 'encoding': None, 'newline': None, 'dir': None, 'errors': None}}, 'size': 10, 'headers': {'content-disposition': 'form-data; name="date"; filename="date"'}}}]}}
[2025-01-25T15:32:31.738+0000] {logging_mixin.py:190} INFO - Email sent to adarshchintada2@gmail.com
[2025-01-25T15:32:34.809+0000] {logging_mixin.py:190} INFO - Email sent to adarsh.chintada@nimbleaccounting.com
[2025-01-25T15:32:37.906+0000] {logging_mixin.py:190} INFO - Email sent to n180479@rguktn.ac.in
[2025-01-25T15:32:37.906+0000] {python.py:240} INFO - Done. Returned value was: None
[2025-01-25T15:32:37.924+0000] {taskinstance.py:340} INFO - ::group::Post task execution logs
[2025-01-25T15:32:37.925+0000] {taskinstance.py:352} INFO - Marking task as SUCCESS. dag_id=Report_POC, task_id=send_reports, run_id=manual__2025-01-25T15:31:52.498458+00:00, execution_date=20250125T153152, start_date=20250125T153227, end_date=20250125T153237
[2025-01-25T15:32:38.005+0000] {local_task_job_runner.py:266} INFO - Task exited with return code 0
[2025-01-25T15:32:38.056+0000] {standard_task_runner.py:217} INFO - Process not found (most likely exited), stop collecting metrics
[2025-01-25T15:32:38.061+0000] {taskinstance.py:3895} INFO - 0 downstream tasks scheduled from follow-on schedule check
[2025-01-25T15:32:38.064+0000] {local_task_job_runner.py:245} INFO - ::endgroup::
