[2025-01-25T15:23:49.097+0000] {local_task_job_runner.py:123} INFO - ::group::Pre task execution logs
[2025-01-25T15:23:49.126+0000] {taskinstance.py:2613} INFO - Dependencies all met for dep_context=non-requeueable deps ti=<TaskInstance: Report_POC.send_reports manual__2025-01-25T15:23:13.839217+00:00 [queued]>
[2025-01-25T15:23:49.145+0000] {taskinstance.py:2613} INFO - Dependencies all met for dep_context=requeueable deps ti=<TaskInstance: Report_POC.send_reports manual__2025-01-25T15:23:13.839217+00:00 [queued]>
[2025-01-25T15:23:49.146+0000] {taskinstance.py:2866} INFO - Starting attempt 1 of 2
[2025-01-25T15:23:49.208+0000] {taskinstance.py:2889} INFO - Executing <Task(PythonOperator): send_reports> on 2025-01-25 15:23:13.839217+00:00
[2025-01-25T15:23:49.214+0000] {standard_task_runner.py:72} INFO - Started process 760 to run task
[2025-01-25T15:23:49.218+0000] {standard_task_runner.py:104} INFO - Running: ['airflow', 'tasks', 'run', 'Report_POC', 'send_reports', 'manual__2025-01-25T15:23:13.839217+00:00', '--job-id', '71', '--raw', '--subdir', 'DAGS_FOLDER/report_poc.py', '--cfg-path', '/tmp/tmp5p2pn4bp']
[2025-01-25T15:23:49.221+0000] {standard_task_runner.py:105} INFO - Job 71: Subtask send_reports
[2025-01-25T15:23:49.349+0000] {task_command.py:467} INFO - Running <TaskInstance: Report_POC.send_reports manual__2025-01-25T15:23:13.839217+00:00 [running]> on host fe9b2aa6cdcc
[2025-01-25T15:23:49.539+0000] {taskinstance.py:3132} INFO - Exporting env vars: AIRFLOW_CTX_DAG_OWNER='airflow' AIRFLOW_CTX_DAG_ID='Report_POC' AIRFLOW_CTX_TASK_ID='send_reports' AIRFLOW_CTX_EXECUTION_DATE='2025-01-25T15:23:13.839217+00:00' AIRFLOW_CTX_TRY_NUMBER='1' AIRFLOW_CTX_DAG_RUN_ID='manual__2025-01-25T15:23:13.839217+00:00'
[2025-01-25T15:23:49.542+0000] {taskinstance.py:731} INFO - ::endgroup::
[2025-01-25T15:23:49.590+0000] {logging_mixin.py:190} INFO - client data is: [{'client_id': 1, 'email': 'adarshchintada2@gmail.com', 'schedule_ist': '30 10 * * *', 'services': ['email']}, {'client_id': 2, 'email': 'adarsh.chintada@nimbleaccounting.com', 'schedule_ist': '45 10 * * *', 'services': ['email']}, {'client_id': 3, 'email': 'n180479@rguktn.ac.in', 'schedule_ist': '30 10 * * *', 'services': ['email', 'sms']}]
[2025-01-25T15:23:53.342+0000] {logging_mixin.py:190} INFO - Email sent to adarshchintada2@gmail.com
[2025-01-25T15:23:56.370+0000] {logging_mixin.py:190} INFO - Email sent to adarsh.chintada@nimbleaccounting.com
[2025-01-25T15:23:59.472+0000] {logging_mixin.py:190} INFO - Email sent to n180479@rguktn.ac.in
[2025-01-25T15:23:59.473+0000] {python.py:240} INFO - Done. Returned value was: None
[2025-01-25T15:23:59.488+0000] {taskinstance.py:340} INFO - ::group::Post task execution logs
[2025-01-25T15:23:59.489+0000] {taskinstance.py:352} INFO - Marking task as SUCCESS. dag_id=Report_POC, task_id=send_reports, run_id=manual__2025-01-25T15:23:13.839217+00:00, execution_date=20250125T152313, start_date=20250125T152349, end_date=20250125T152359
[2025-01-25T15:23:59.574+0000] {local_task_job_runner.py:266} INFO - Task exited with return code 0
[2025-01-25T15:23:59.604+0000] {taskinstance.py:3895} INFO - 0 downstream tasks scheduled from follow-on schedule check
[2025-01-25T15:23:59.608+0000] {local_task_job_runner.py:245} INFO - ::endgroup::
