[2025-01-24T18:52:18.469+0000] {processor.py:186} INFO - Started process (PID=89) to work on /opt/airflow/dags/Flash_Report_12-01-2024.xlsx
[2025-01-24T18:52:18.470+0000] {processor.py:914} INFO - Processing file /opt/airflow/dags/Flash_Report_12-01-2024.xlsx for tasks to queue
[2025-01-24T18:52:18.475+0000] {logging_mixin.py:190} INFO - [2025-01-24T18:52:18.474+0000] {dagbag.py:588} INFO - Filling up the DagBag from /opt/airflow/dags/Flash_Report_12-01-2024.xlsx
[2025-01-24T18:52:18.497+0000] {processor.py:927} WARNING - No viable dags retrieved from /opt/airflow/dags/Flash_Report_12-01-2024.xlsx
[2025-01-24T18:52:18.523+0000] {processor.py:208} INFO - Processing /opt/airflow/dags/Flash_Report_12-01-2024.xlsx took 0.061 seconds
[2025-01-24T18:52:49.168+0000] {processor.py:186} INFO - Started process (PID=91) to work on /opt/airflow/dags/Flash_Report_12-01-2024.xlsx
[2025-01-24T18:52:49.169+0000] {processor.py:914} INFO - Processing file /opt/airflow/dags/Flash_Report_12-01-2024.xlsx for tasks to queue
[2025-01-24T18:52:49.172+0000] {logging_mixin.py:190} INFO - [2025-01-24T18:52:49.171+0000] {dagbag.py:588} INFO - Filling up the DagBag from /opt/airflow/dags/Flash_Report_12-01-2024.xlsx
[2025-01-24T18:52:49.189+0000] {processor.py:927} WARNING - No viable dags retrieved from /opt/airflow/dags/Flash_Report_12-01-2024.xlsx
[2025-01-24T18:52:49.210+0000] {processor.py:208} INFO - Processing /opt/airflow/dags/Flash_Report_12-01-2024.xlsx took 0.048 seconds
[2025-01-24T18:53:19.966+0000] {processor.py:186} INFO - Started process (PID=93) to work on /opt/airflow/dags/Flash_Report_12-01-2024.xlsx
[2025-01-24T18:53:19.967+0000] {processor.py:914} INFO - Processing file /opt/airflow/dags/Flash_Report_12-01-2024.xlsx for tasks to queue
[2025-01-24T18:53:19.970+0000] {logging_mixin.py:190} INFO - [2025-01-24T18:53:19.969+0000] {dagbag.py:588} INFO - Filling up the DagBag from /opt/airflow/dags/Flash_Report_12-01-2024.xlsx
[2025-01-24T18:53:19.988+0000] {processor.py:927} WARNING - No viable dags retrieved from /opt/airflow/dags/Flash_Report_12-01-2024.xlsx
[2025-01-24T18:53:20.012+0000] {processor.py:208} INFO - Processing /opt/airflow/dags/Flash_Report_12-01-2024.xlsx took 0.052 seconds
[2025-01-24T18:53:51.404+0000] {processor.py:186} INFO - Started process (PID=95) to work on /opt/airflow/dags/Flash_Report_12-01-2024.xlsx
[2025-01-24T18:53:51.406+0000] {processor.py:914} INFO - Processing file /opt/airflow/dags/Flash_Report_12-01-2024.xlsx for tasks to queue
[2025-01-24T18:53:51.409+0000] {logging_mixin.py:190} INFO - [2025-01-24T18:53:51.408+0000] {dagbag.py:588} INFO - Filling up the DagBag from /opt/airflow/dags/Flash_Report_12-01-2024.xlsx
[2025-01-24T18:53:51.429+0000] {processor.py:927} WARNING - No viable dags retrieved from /opt/airflow/dags/Flash_Report_12-01-2024.xlsx
[2025-01-24T18:53:51.457+0000] {processor.py:208} INFO - Processing /opt/airflow/dags/Flash_Report_12-01-2024.xlsx took 0.059 seconds
[2025-01-24T18:54:22.230+0000] {processor.py:186} INFO - Started process (PID=97) to work on /opt/airflow/dags/Flash_Report_12-01-2024.xlsx
[2025-01-24T18:54:22.232+0000] {processor.py:914} INFO - Processing file /opt/airflow/dags/Flash_Report_12-01-2024.xlsx for tasks to queue
[2025-01-24T18:54:22.235+0000] {logging_mixin.py:190} INFO - [2025-01-24T18:54:22.234+0000] {dagbag.py:588} INFO - Filling up the DagBag from /opt/airflow/dags/Flash_Report_12-01-2024.xlsx
[2025-01-24T18:54:22.251+0000] {processor.py:927} WARNING - No viable dags retrieved from /opt/airflow/dags/Flash_Report_12-01-2024.xlsx
[2025-01-24T18:54:22.273+0000] {processor.py:208} INFO - Processing /opt/airflow/dags/Flash_Report_12-01-2024.xlsx took 0.048 seconds
[2025-01-24T18:54:53.478+0000] {processor.py:186} INFO - Started process (PID=99) to work on /opt/airflow/dags/Flash_Report_12-01-2024.xlsx
[2025-01-24T18:54:53.481+0000] {processor.py:914} INFO - Processing file /opt/airflow/dags/Flash_Report_12-01-2024.xlsx for tasks to queue
[2025-01-24T18:54:53.487+0000] {logging_mixin.py:190} INFO - [2025-01-24T18:54:53.486+0000] {dagbag.py:588} INFO - Filling up the DagBag from /opt/airflow/dags/Flash_Report_12-01-2024.xlsx
[2025-01-24T18:54:53.508+0000] {processor.py:927} WARNING - No viable dags retrieved from /opt/airflow/dags/Flash_Report_12-01-2024.xlsx
[2025-01-24T18:54:53.535+0000] {processor.py:208} INFO - Processing /opt/airflow/dags/Flash_Report_12-01-2024.xlsx took 0.065 seconds
[2025-01-24T18:55:23.738+0000] {processor.py:186} INFO - Started process (PID=101) to work on /opt/airflow/dags/Flash_Report_12-01-2024.xlsx
[2025-01-24T18:55:23.740+0000] {processor.py:914} INFO - Processing file /opt/airflow/dags/Flash_Report_12-01-2024.xlsx for tasks to queue
[2025-01-24T18:55:23.743+0000] {logging_mixin.py:190} INFO - [2025-01-24T18:55:23.742+0000] {dagbag.py:588} INFO - Filling up the DagBag from /opt/airflow/dags/Flash_Report_12-01-2024.xlsx
[2025-01-24T18:55:23.764+0000] {processor.py:927} WARNING - No viable dags retrieved from /opt/airflow/dags/Flash_Report_12-01-2024.xlsx
[2025-01-24T18:55:23.787+0000] {processor.py:208} INFO - Processing /opt/airflow/dags/Flash_Report_12-01-2024.xlsx took 0.056 seconds
[2025-01-24T18:55:54.654+0000] {processor.py:186} INFO - Started process (PID=104) to work on /opt/airflow/dags/Flash_Report_12-01-2024.xlsx
[2025-01-24T18:55:54.656+0000] {processor.py:914} INFO - Processing file /opt/airflow/dags/Flash_Report_12-01-2024.xlsx for tasks to queue
[2025-01-24T18:55:54.659+0000] {logging_mixin.py:190} INFO - [2025-01-24T18:55:54.659+0000] {dagbag.py:588} INFO - Filling up the DagBag from /opt/airflow/dags/Flash_Report_12-01-2024.xlsx
[2025-01-24T18:55:54.673+0000] {processor.py:927} WARNING - No viable dags retrieved from /opt/airflow/dags/Flash_Report_12-01-2024.xlsx
[2025-01-24T18:55:54.695+0000] {processor.py:208} INFO - Processing /opt/airflow/dags/Flash_Report_12-01-2024.xlsx took 0.046 seconds
[2025-01-24T18:56:25.764+0000] {processor.py:186} INFO - Started process (PID=107) to work on /opt/airflow/dags/Flash_Report_12-01-2024.xlsx
[2025-01-24T18:56:25.766+0000] {processor.py:914} INFO - Processing file /opt/airflow/dags/Flash_Report_12-01-2024.xlsx for tasks to queue
[2025-01-24T18:56:25.769+0000] {logging_mixin.py:190} INFO - [2025-01-24T18:56:25.769+0000] {dagbag.py:588} INFO - Filling up the DagBag from /opt/airflow/dags/Flash_Report_12-01-2024.xlsx
[2025-01-24T18:56:25.787+0000] {processor.py:927} WARNING - No viable dags retrieved from /opt/airflow/dags/Flash_Report_12-01-2024.xlsx
[2025-01-24T18:56:25.810+0000] {processor.py:208} INFO - Processing /opt/airflow/dags/Flash_Report_12-01-2024.xlsx took 0.052 seconds
[2025-01-24T18:56:56.696+0000] {processor.py:186} INFO - Started process (PID=109) to work on /opt/airflow/dags/Flash_Report_12-01-2024.xlsx
[2025-01-24T18:56:56.697+0000] {processor.py:914} INFO - Processing file /opt/airflow/dags/Flash_Report_12-01-2024.xlsx for tasks to queue
[2025-01-24T18:56:56.700+0000] {logging_mixin.py:190} INFO - [2025-01-24T18:56:56.700+0000] {dagbag.py:588} INFO - Filling up the DagBag from /opt/airflow/dags/Flash_Report_12-01-2024.xlsx
[2025-01-24T18:56:56.725+0000] {processor.py:927} WARNING - No viable dags retrieved from /opt/airflow/dags/Flash_Report_12-01-2024.xlsx
[2025-01-24T18:56:56.749+0000] {processor.py:208} INFO - Processing /opt/airflow/dags/Flash_Report_12-01-2024.xlsx took 0.059 seconds
[2025-01-24T18:57:27.140+0000] {processor.py:186} INFO - Started process (PID=111) to work on /opt/airflow/dags/Flash_Report_12-01-2024.xlsx
[2025-01-24T18:57:27.141+0000] {processor.py:914} INFO - Processing file /opt/airflow/dags/Flash_Report_12-01-2024.xlsx for tasks to queue
[2025-01-24T18:57:27.143+0000] {logging_mixin.py:190} INFO - [2025-01-24T18:57:27.143+0000] {dagbag.py:588} INFO - Filling up the DagBag from /opt/airflow/dags/Flash_Report_12-01-2024.xlsx
[2025-01-24T18:57:27.158+0000] {processor.py:927} WARNING - No viable dags retrieved from /opt/airflow/dags/Flash_Report_12-01-2024.xlsx
[2025-01-24T18:57:27.175+0000] {processor.py:208} INFO - Processing /opt/airflow/dags/Flash_Report_12-01-2024.xlsx took 0.040 seconds
[2025-01-24T18:57:57.593+0000] {processor.py:186} INFO - Started process (PID=113) to work on /opt/airflow/dags/Flash_Report_12-01-2024.xlsx
[2025-01-24T18:57:57.594+0000] {processor.py:914} INFO - Processing file /opt/airflow/dags/Flash_Report_12-01-2024.xlsx for tasks to queue
[2025-01-24T18:57:57.597+0000] {logging_mixin.py:190} INFO - [2025-01-24T18:57:57.597+0000] {dagbag.py:588} INFO - Filling up the DagBag from /opt/airflow/dags/Flash_Report_12-01-2024.xlsx
[2025-01-24T18:57:57.613+0000] {processor.py:927} WARNING - No viable dags retrieved from /opt/airflow/dags/Flash_Report_12-01-2024.xlsx
[2025-01-24T18:57:57.633+0000] {processor.py:208} INFO - Processing /opt/airflow/dags/Flash_Report_12-01-2024.xlsx took 0.046 seconds
[2025-01-24T18:59:02.401+0000] {processor.py:186} INFO - Started process (PID=129) to work on /opt/airflow/dags/Flash_Report_12-01-2024.xlsx
[2025-01-24T18:59:02.403+0000] {processor.py:914} INFO - Processing file /opt/airflow/dags/Flash_Report_12-01-2024.xlsx for tasks to queue
[2025-01-24T18:59:02.406+0000] {logging_mixin.py:190} INFO - [2025-01-24T18:59:02.406+0000] {dagbag.py:588} INFO - Filling up the DagBag from /opt/airflow/dags/Flash_Report_12-01-2024.xlsx
[2025-01-24T18:59:02.427+0000] {processor.py:927} WARNING - No viable dags retrieved from /opt/airflow/dags/Flash_Report_12-01-2024.xlsx
[2025-01-24T18:59:02.459+0000] {processor.py:208} INFO - Processing /opt/airflow/dags/Flash_Report_12-01-2024.xlsx took 0.064 seconds
[2025-01-24T18:59:33.030+0000] {processor.py:186} INFO - Started process (PID=131) to work on /opt/airflow/dags/Flash_Report_12-01-2024.xlsx
[2025-01-24T18:59:33.031+0000] {processor.py:914} INFO - Processing file /opt/airflow/dags/Flash_Report_12-01-2024.xlsx for tasks to queue
[2025-01-24T18:59:33.035+0000] {logging_mixin.py:190} INFO - [2025-01-24T18:59:33.035+0000] {dagbag.py:588} INFO - Filling up the DagBag from /opt/airflow/dags/Flash_Report_12-01-2024.xlsx
[2025-01-24T18:59:33.053+0000] {processor.py:927} WARNING - No viable dags retrieved from /opt/airflow/dags/Flash_Report_12-01-2024.xlsx
[2025-01-24T18:59:33.096+0000] {processor.py:208} INFO - Processing /opt/airflow/dags/Flash_Report_12-01-2024.xlsx took 0.071 seconds
[2025-01-24T19:00:03.830+0000] {processor.py:186} INFO - Started process (PID=133) to work on /opt/airflow/dags/Flash_Report_12-01-2024.xlsx
[2025-01-24T19:00:03.832+0000] {processor.py:914} INFO - Processing file /opt/airflow/dags/Flash_Report_12-01-2024.xlsx for tasks to queue
[2025-01-24T19:00:03.834+0000] {logging_mixin.py:190} INFO - [2025-01-24T19:00:03.834+0000] {dagbag.py:588} INFO - Filling up the DagBag from /opt/airflow/dags/Flash_Report_12-01-2024.xlsx
[2025-01-24T19:00:03.851+0000] {processor.py:927} WARNING - No viable dags retrieved from /opt/airflow/dags/Flash_Report_12-01-2024.xlsx
[2025-01-24T19:00:03.871+0000] {processor.py:208} INFO - Processing /opt/airflow/dags/Flash_Report_12-01-2024.xlsx took 0.045 seconds
[2025-01-24T19:00:35.202+0000] {processor.py:186} INFO - Started process (PID=135) to work on /opt/airflow/dags/Flash_Report_12-01-2024.xlsx
[2025-01-24T19:00:35.203+0000] {processor.py:914} INFO - Processing file /opt/airflow/dags/Flash_Report_12-01-2024.xlsx for tasks to queue
[2025-01-24T19:00:35.205+0000] {logging_mixin.py:190} INFO - [2025-01-24T19:00:35.205+0000] {dagbag.py:588} INFO - Filling up the DagBag from /opt/airflow/dags/Flash_Report_12-01-2024.xlsx
[2025-01-24T19:00:35.218+0000] {processor.py:927} WARNING - No viable dags retrieved from /opt/airflow/dags/Flash_Report_12-01-2024.xlsx
[2025-01-24T19:00:35.236+0000] {processor.py:208} INFO - Processing /opt/airflow/dags/Flash_Report_12-01-2024.xlsx took 0.039 seconds
[2025-01-24T19:01:29.772+0000] {processor.py:186} INFO - Started process (PID=150) to work on /opt/airflow/dags/Flash_Report_12-01-2024.xlsx
[2025-01-24T19:01:29.774+0000] {processor.py:914} INFO - Processing file /opt/airflow/dags/Flash_Report_12-01-2024.xlsx for tasks to queue
[2025-01-24T19:01:29.776+0000] {logging_mixin.py:190} INFO - [2025-01-24T19:01:29.776+0000] {dagbag.py:588} INFO - Filling up the DagBag from /opt/airflow/dags/Flash_Report_12-01-2024.xlsx
[2025-01-24T19:01:29.793+0000] {processor.py:927} WARNING - No viable dags retrieved from /opt/airflow/dags/Flash_Report_12-01-2024.xlsx
[2025-01-24T19:01:29.821+0000] {processor.py:208} INFO - Processing /opt/airflow/dags/Flash_Report_12-01-2024.xlsx took 0.055 seconds
[2025-01-24T19:02:00.485+0000] {processor.py:186} INFO - Started process (PID=152) to work on /opt/airflow/dags/Flash_Report_12-01-2024.xlsx
[2025-01-24T19:02:00.487+0000] {processor.py:914} INFO - Processing file /opt/airflow/dags/Flash_Report_12-01-2024.xlsx for tasks to queue
[2025-01-24T19:02:00.489+0000] {logging_mixin.py:190} INFO - [2025-01-24T19:02:00.489+0000] {dagbag.py:588} INFO - Filling up the DagBag from /opt/airflow/dags/Flash_Report_12-01-2024.xlsx
[2025-01-24T19:02:00.503+0000] {processor.py:927} WARNING - No viable dags retrieved from /opt/airflow/dags/Flash_Report_12-01-2024.xlsx
[2025-01-24T19:02:00.523+0000] {processor.py:208} INFO - Processing /opt/airflow/dags/Flash_Report_12-01-2024.xlsx took 0.042 seconds
[2025-01-24T19:02:31.260+0000] {processor.py:186} INFO - Started process (PID=154) to work on /opt/airflow/dags/Flash_Report_12-01-2024.xlsx
[2025-01-24T19:02:31.262+0000] {processor.py:914} INFO - Processing file /opt/airflow/dags/Flash_Report_12-01-2024.xlsx for tasks to queue
[2025-01-24T19:02:31.264+0000] {logging_mixin.py:190} INFO - [2025-01-24T19:02:31.264+0000] {dagbag.py:588} INFO - Filling up the DagBag from /opt/airflow/dags/Flash_Report_12-01-2024.xlsx
[2025-01-24T19:02:31.279+0000] {processor.py:927} WARNING - No viable dags retrieved from /opt/airflow/dags/Flash_Report_12-01-2024.xlsx
[2025-01-24T19:02:31.301+0000] {processor.py:208} INFO - Processing /opt/airflow/dags/Flash_Report_12-01-2024.xlsx took 0.045 seconds
[2025-01-24T19:03:02.613+0000] {processor.py:186} INFO - Started process (PID=156) to work on /opt/airflow/dags/Flash_Report_12-01-2024.xlsx
[2025-01-24T19:03:02.615+0000] {processor.py:914} INFO - Processing file /opt/airflow/dags/Flash_Report_12-01-2024.xlsx for tasks to queue
[2025-01-24T19:03:02.617+0000] {logging_mixin.py:190} INFO - [2025-01-24T19:03:02.616+0000] {dagbag.py:588} INFO - Filling up the DagBag from /opt/airflow/dags/Flash_Report_12-01-2024.xlsx
[2025-01-24T19:03:02.629+0000] {processor.py:927} WARNING - No viable dags retrieved from /opt/airflow/dags/Flash_Report_12-01-2024.xlsx
[2025-01-24T19:03:02.647+0000] {processor.py:208} INFO - Processing /opt/airflow/dags/Flash_Report_12-01-2024.xlsx took 0.039 seconds
[2025-01-24T19:03:33.943+0000] {processor.py:186} INFO - Started process (PID=158) to work on /opt/airflow/dags/Flash_Report_12-01-2024.xlsx
[2025-01-24T19:03:33.944+0000] {processor.py:914} INFO - Processing file /opt/airflow/dags/Flash_Report_12-01-2024.xlsx for tasks to queue
[2025-01-24T19:03:33.946+0000] {logging_mixin.py:190} INFO - [2025-01-24T19:03:33.946+0000] {dagbag.py:588} INFO - Filling up the DagBag from /opt/airflow/dags/Flash_Report_12-01-2024.xlsx
[2025-01-24T19:03:33.965+0000] {processor.py:927} WARNING - No viable dags retrieved from /opt/airflow/dags/Flash_Report_12-01-2024.xlsx
[2025-01-24T19:03:33.986+0000] {processor.py:208} INFO - Processing /opt/airflow/dags/Flash_Report_12-01-2024.xlsx took 0.049 seconds
[2025-01-24T19:04:04.910+0000] {processor.py:186} INFO - Started process (PID=160) to work on /opt/airflow/dags/Flash_Report_12-01-2024.xlsx
[2025-01-24T19:04:04.911+0000] {processor.py:914} INFO - Processing file /opt/airflow/dags/Flash_Report_12-01-2024.xlsx for tasks to queue
[2025-01-24T19:04:04.913+0000] {logging_mixin.py:190} INFO - [2025-01-24T19:04:04.913+0000] {dagbag.py:588} INFO - Filling up the DagBag from /opt/airflow/dags/Flash_Report_12-01-2024.xlsx
[2025-01-24T19:04:04.925+0000] {processor.py:927} WARNING - No viable dags retrieved from /opt/airflow/dags/Flash_Report_12-01-2024.xlsx
[2025-01-24T19:04:04.942+0000] {processor.py:208} INFO - Processing /opt/airflow/dags/Flash_Report_12-01-2024.xlsx took 0.037 seconds
[2025-01-24T19:04:35.941+0000] {processor.py:186} INFO - Started process (PID=162) to work on /opt/airflow/dags/Flash_Report_12-01-2024.xlsx
[2025-01-24T19:04:35.942+0000] {processor.py:914} INFO - Processing file /opt/airflow/dags/Flash_Report_12-01-2024.xlsx for tasks to queue
[2025-01-24T19:04:35.944+0000] {logging_mixin.py:190} INFO - [2025-01-24T19:04:35.944+0000] {dagbag.py:588} INFO - Filling up the DagBag from /opt/airflow/dags/Flash_Report_12-01-2024.xlsx
[2025-01-24T19:04:35.958+0000] {processor.py:927} WARNING - No viable dags retrieved from /opt/airflow/dags/Flash_Report_12-01-2024.xlsx
[2025-01-24T19:04:35.977+0000] {processor.py:208} INFO - Processing /opt/airflow/dags/Flash_Report_12-01-2024.xlsx took 0.043 seconds
[2025-01-24T19:05:06.813+0000] {processor.py:186} INFO - Started process (PID=164) to work on /opt/airflow/dags/Flash_Report_12-01-2024.xlsx
[2025-01-24T19:05:06.815+0000] {processor.py:914} INFO - Processing file /opt/airflow/dags/Flash_Report_12-01-2024.xlsx for tasks to queue
[2025-01-24T19:05:06.818+0000] {logging_mixin.py:190} INFO - [2025-01-24T19:05:06.817+0000] {dagbag.py:588} INFO - Filling up the DagBag from /opt/airflow/dags/Flash_Report_12-01-2024.xlsx
[2025-01-24T19:05:06.832+0000] {processor.py:927} WARNING - No viable dags retrieved from /opt/airflow/dags/Flash_Report_12-01-2024.xlsx
[2025-01-24T19:05:06.851+0000] {processor.py:208} INFO - Processing /opt/airflow/dags/Flash_Report_12-01-2024.xlsx took 0.045 seconds
[2025-01-24T19:05:38.237+0000] {processor.py:186} INFO - Started process (PID=166) to work on /opt/airflow/dags/Flash_Report_12-01-2024.xlsx
[2025-01-24T19:05:38.245+0000] {processor.py:914} INFO - Processing file /opt/airflow/dags/Flash_Report_12-01-2024.xlsx for tasks to queue
[2025-01-24T19:05:38.250+0000] {logging_mixin.py:190} INFO - [2025-01-24T19:05:38.249+0000] {dagbag.py:588} INFO - Filling up the DagBag from /opt/airflow/dags/Flash_Report_12-01-2024.xlsx
[2025-01-24T19:05:38.276+0000] {processor.py:927} WARNING - No viable dags retrieved from /opt/airflow/dags/Flash_Report_12-01-2024.xlsx
[2025-01-24T19:05:38.314+0000] {processor.py:208} INFO - Processing /opt/airflow/dags/Flash_Report_12-01-2024.xlsx took 0.085 seconds
[2025-01-24T19:06:09.244+0000] {processor.py:186} INFO - Started process (PID=168) to work on /opt/airflow/dags/Flash_Report_12-01-2024.xlsx
[2025-01-24T19:06:09.245+0000] {processor.py:914} INFO - Processing file /opt/airflow/dags/Flash_Report_12-01-2024.xlsx for tasks to queue
[2025-01-24T19:06:09.248+0000] {logging_mixin.py:190} INFO - [2025-01-24T19:06:09.248+0000] {dagbag.py:588} INFO - Filling up the DagBag from /opt/airflow/dags/Flash_Report_12-01-2024.xlsx
[2025-01-24T19:06:09.261+0000] {processor.py:927} WARNING - No viable dags retrieved from /opt/airflow/dags/Flash_Report_12-01-2024.xlsx
[2025-01-24T19:06:09.281+0000] {processor.py:208} INFO - Processing /opt/airflow/dags/Flash_Report_12-01-2024.xlsx took 0.042 seconds
[2025-01-24T19:06:40.013+0000] {processor.py:186} INFO - Started process (PID=170) to work on /opt/airflow/dags/Flash_Report_12-01-2024.xlsx
[2025-01-24T19:06:40.014+0000] {processor.py:914} INFO - Processing file /opt/airflow/dags/Flash_Report_12-01-2024.xlsx for tasks to queue
[2025-01-24T19:06:40.018+0000] {logging_mixin.py:190} INFO - [2025-01-24T19:06:40.017+0000] {dagbag.py:588} INFO - Filling up the DagBag from /opt/airflow/dags/Flash_Report_12-01-2024.xlsx
[2025-01-24T19:06:40.034+0000] {processor.py:927} WARNING - No viable dags retrieved from /opt/airflow/dags/Flash_Report_12-01-2024.xlsx
[2025-01-24T19:06:40.055+0000] {processor.py:208} INFO - Processing /opt/airflow/dags/Flash_Report_12-01-2024.xlsx took 0.048 seconds
[2025-01-24T19:07:10.798+0000] {processor.py:186} INFO - Started process (PID=172) to work on /opt/airflow/dags/Flash_Report_12-01-2024.xlsx
[2025-01-24T19:07:10.799+0000] {processor.py:914} INFO - Processing file /opt/airflow/dags/Flash_Report_12-01-2024.xlsx for tasks to queue
[2025-01-24T19:07:10.801+0000] {logging_mixin.py:190} INFO - [2025-01-24T19:07:10.801+0000] {dagbag.py:588} INFO - Filling up the DagBag from /opt/airflow/dags/Flash_Report_12-01-2024.xlsx
[2025-01-24T19:07:10.813+0000] {processor.py:927} WARNING - No viable dags retrieved from /opt/airflow/dags/Flash_Report_12-01-2024.xlsx
[2025-01-24T19:07:10.830+0000] {processor.py:208} INFO - Processing /opt/airflow/dags/Flash_Report_12-01-2024.xlsx took 0.037 seconds
[2025-01-24T19:07:41.819+0000] {processor.py:186} INFO - Started process (PID=174) to work on /opt/airflow/dags/Flash_Report_12-01-2024.xlsx
[2025-01-24T19:07:41.821+0000] {processor.py:914} INFO - Processing file /opt/airflow/dags/Flash_Report_12-01-2024.xlsx for tasks to queue
[2025-01-24T19:07:41.823+0000] {logging_mixin.py:190} INFO - [2025-01-24T19:07:41.823+0000] {dagbag.py:588} INFO - Filling up the DagBag from /opt/airflow/dags/Flash_Report_12-01-2024.xlsx
[2025-01-24T19:07:41.839+0000] {processor.py:927} WARNING - No viable dags retrieved from /opt/airflow/dags/Flash_Report_12-01-2024.xlsx
[2025-01-24T19:07:41.859+0000] {processor.py:208} INFO - Processing /opt/airflow/dags/Flash_Report_12-01-2024.xlsx took 0.046 seconds
[2025-01-24T19:08:12.334+0000] {processor.py:186} INFO - Started process (PID=176) to work on /opt/airflow/dags/Flash_Report_12-01-2024.xlsx
[2025-01-24T19:08:12.336+0000] {processor.py:914} INFO - Processing file /opt/airflow/dags/Flash_Report_12-01-2024.xlsx for tasks to queue
[2025-01-24T19:08:12.338+0000] {logging_mixin.py:190} INFO - [2025-01-24T19:08:12.338+0000] {dagbag.py:588} INFO - Filling up the DagBag from /opt/airflow/dags/Flash_Report_12-01-2024.xlsx
[2025-01-24T19:08:12.356+0000] {processor.py:927} WARNING - No viable dags retrieved from /opt/airflow/dags/Flash_Report_12-01-2024.xlsx
[2025-01-24T19:08:12.378+0000] {processor.py:208} INFO - Processing /opt/airflow/dags/Flash_Report_12-01-2024.xlsx took 0.049 seconds
[2025-01-24T19:08:43.051+0000] {processor.py:186} INFO - Started process (PID=178) to work on /opt/airflow/dags/Flash_Report_12-01-2024.xlsx
[2025-01-24T19:08:43.053+0000] {processor.py:914} INFO - Processing file /opt/airflow/dags/Flash_Report_12-01-2024.xlsx for tasks to queue
[2025-01-24T19:08:43.057+0000] {logging_mixin.py:190} INFO - [2025-01-24T19:08:43.057+0000] {dagbag.py:588} INFO - Filling up the DagBag from /opt/airflow/dags/Flash_Report_12-01-2024.xlsx
[2025-01-24T19:08:43.078+0000] {processor.py:927} WARNING - No viable dags retrieved from /opt/airflow/dags/Flash_Report_12-01-2024.xlsx
[2025-01-24T19:08:43.104+0000] {processor.py:208} INFO - Processing /opt/airflow/dags/Flash_Report_12-01-2024.xlsx took 0.062 seconds
[2025-01-24T19:09:13.543+0000] {processor.py:186} INFO - Started process (PID=180) to work on /opt/airflow/dags/Flash_Report_12-01-2024.xlsx
[2025-01-24T19:09:13.544+0000] {processor.py:914} INFO - Processing file /opt/airflow/dags/Flash_Report_12-01-2024.xlsx for tasks to queue
[2025-01-24T19:09:13.546+0000] {logging_mixin.py:190} INFO - [2025-01-24T19:09:13.546+0000] {dagbag.py:588} INFO - Filling up the DagBag from /opt/airflow/dags/Flash_Report_12-01-2024.xlsx
[2025-01-24T19:09:13.558+0000] {processor.py:927} WARNING - No viable dags retrieved from /opt/airflow/dags/Flash_Report_12-01-2024.xlsx
[2025-01-24T19:09:13.578+0000] {processor.py:208} INFO - Processing /opt/airflow/dags/Flash_Report_12-01-2024.xlsx took 0.040 seconds
[2025-01-24T19:09:44.623+0000] {processor.py:186} INFO - Started process (PID=182) to work on /opt/airflow/dags/Flash_Report_12-01-2024.xlsx
[2025-01-24T19:09:44.624+0000] {processor.py:914} INFO - Processing file /opt/airflow/dags/Flash_Report_12-01-2024.xlsx for tasks to queue
[2025-01-24T19:09:44.627+0000] {logging_mixin.py:190} INFO - [2025-01-24T19:09:44.626+0000] {dagbag.py:588} INFO - Filling up the DagBag from /opt/airflow/dags/Flash_Report_12-01-2024.xlsx
[2025-01-24T19:09:44.638+0000] {processor.py:927} WARNING - No viable dags retrieved from /opt/airflow/dags/Flash_Report_12-01-2024.xlsx
[2025-01-24T19:09:44.655+0000] {processor.py:208} INFO - Processing /opt/airflow/dags/Flash_Report_12-01-2024.xlsx took 0.037 seconds
[2025-01-24T19:10:15.785+0000] {processor.py:186} INFO - Started process (PID=184) to work on /opt/airflow/dags/Flash_Report_12-01-2024.xlsx
[2025-01-24T19:10:15.790+0000] {processor.py:914} INFO - Processing file /opt/airflow/dags/Flash_Report_12-01-2024.xlsx for tasks to queue
[2025-01-24T19:10:15.794+0000] {logging_mixin.py:190} INFO - [2025-01-24T19:10:15.793+0000] {dagbag.py:588} INFO - Filling up the DagBag from /opt/airflow/dags/Flash_Report_12-01-2024.xlsx
[2025-01-24T19:10:15.817+0000] {processor.py:927} WARNING - No viable dags retrieved from /opt/airflow/dags/Flash_Report_12-01-2024.xlsx
[2025-01-24T19:10:15.843+0000] {processor.py:208} INFO - Processing /opt/airflow/dags/Flash_Report_12-01-2024.xlsx took 0.065 seconds
[2025-01-24T19:10:46.730+0000] {processor.py:186} INFO - Started process (PID=186) to work on /opt/airflow/dags/Flash_Report_12-01-2024.xlsx
[2025-01-24T19:10:46.732+0000] {processor.py:914} INFO - Processing file /opt/airflow/dags/Flash_Report_12-01-2024.xlsx for tasks to queue
[2025-01-24T19:10:46.735+0000] {logging_mixin.py:190} INFO - [2025-01-24T19:10:46.734+0000] {dagbag.py:588} INFO - Filling up the DagBag from /opt/airflow/dags/Flash_Report_12-01-2024.xlsx
[2025-01-24T19:10:46.760+0000] {processor.py:927} WARNING - No viable dags retrieved from /opt/airflow/dags/Flash_Report_12-01-2024.xlsx
[2025-01-24T19:10:46.792+0000] {processor.py:208} INFO - Processing /opt/airflow/dags/Flash_Report_12-01-2024.xlsx took 0.068 seconds
[2025-01-24T19:11:17.632+0000] {processor.py:186} INFO - Started process (PID=188) to work on /opt/airflow/dags/Flash_Report_12-01-2024.xlsx
[2025-01-24T19:11:17.633+0000] {processor.py:914} INFO - Processing file /opt/airflow/dags/Flash_Report_12-01-2024.xlsx for tasks to queue
[2025-01-24T19:11:17.635+0000] {logging_mixin.py:190} INFO - [2025-01-24T19:11:17.635+0000] {dagbag.py:588} INFO - Filling up the DagBag from /opt/airflow/dags/Flash_Report_12-01-2024.xlsx
[2025-01-24T19:11:17.651+0000] {processor.py:927} WARNING - No viable dags retrieved from /opt/airflow/dags/Flash_Report_12-01-2024.xlsx
[2025-01-24T19:11:17.674+0000] {processor.py:208} INFO - Processing /opt/airflow/dags/Flash_Report_12-01-2024.xlsx took 0.048 seconds
[2025-01-24T19:11:48.437+0000] {processor.py:186} INFO - Started process (PID=190) to work on /opt/airflow/dags/Flash_Report_12-01-2024.xlsx
[2025-01-24T19:11:48.439+0000] {processor.py:914} INFO - Processing file /opt/airflow/dags/Flash_Report_12-01-2024.xlsx for tasks to queue
[2025-01-24T19:11:48.442+0000] {logging_mixin.py:190} INFO - [2025-01-24T19:11:48.441+0000] {dagbag.py:588} INFO - Filling up the DagBag from /opt/airflow/dags/Flash_Report_12-01-2024.xlsx
[2025-01-24T19:11:48.462+0000] {processor.py:927} WARNING - No viable dags retrieved from /opt/airflow/dags/Flash_Report_12-01-2024.xlsx
[2025-01-24T19:11:48.485+0000] {processor.py:208} INFO - Processing /opt/airflow/dags/Flash_Report_12-01-2024.xlsx took 0.053 seconds
[2025-01-24T19:12:18.673+0000] {processor.py:186} INFO - Started process (PID=192) to work on /opt/airflow/dags/Flash_Report_12-01-2024.xlsx
[2025-01-24T19:12:18.675+0000] {processor.py:914} INFO - Processing file /opt/airflow/dags/Flash_Report_12-01-2024.xlsx for tasks to queue
[2025-01-24T19:12:18.677+0000] {logging_mixin.py:190} INFO - [2025-01-24T19:12:18.677+0000] {dagbag.py:588} INFO - Filling up the DagBag from /opt/airflow/dags/Flash_Report_12-01-2024.xlsx
[2025-01-24T19:12:18.693+0000] {processor.py:927} WARNING - No viable dags retrieved from /opt/airflow/dags/Flash_Report_12-01-2024.xlsx
[2025-01-24T19:12:18.720+0000] {processor.py:208} INFO - Processing /opt/airflow/dags/Flash_Report_12-01-2024.xlsx took 0.052 seconds
[2025-01-24T19:13:46.381+0000] {processor.py:186} INFO - Started process (PID=60) to work on /opt/airflow/dags/Flash_Report_12-01-2024.xlsx
[2025-01-24T19:13:46.382+0000] {processor.py:914} INFO - Processing file /opt/airflow/dags/Flash_Report_12-01-2024.xlsx for tasks to queue
[2025-01-24T19:13:46.386+0000] {logging_mixin.py:190} INFO - [2025-01-24T19:13:46.385+0000] {dagbag.py:588} INFO - Filling up the DagBag from /opt/airflow/dags/Flash_Report_12-01-2024.xlsx
[2025-01-24T19:13:46.402+0000] {processor.py:927} WARNING - No viable dags retrieved from /opt/airflow/dags/Flash_Report_12-01-2024.xlsx
[2025-01-24T19:13:46.426+0000] {processor.py:208} INFO - Processing /opt/airflow/dags/Flash_Report_12-01-2024.xlsx took 0.050 seconds
[2025-01-24T19:14:17.761+0000] {processor.py:186} INFO - Started process (PID=80) to work on /opt/airflow/dags/Flash_Report_12-01-2024.xlsx
[2025-01-24T19:14:17.762+0000] {processor.py:914} INFO - Processing file /opt/airflow/dags/Flash_Report_12-01-2024.xlsx for tasks to queue
[2025-01-24T19:14:17.764+0000] {logging_mixin.py:190} INFO - [2025-01-24T19:14:17.764+0000] {dagbag.py:588} INFO - Filling up the DagBag from /opt/airflow/dags/Flash_Report_12-01-2024.xlsx
[2025-01-24T19:14:17.781+0000] {processor.py:927} WARNING - No viable dags retrieved from /opt/airflow/dags/Flash_Report_12-01-2024.xlsx
[2025-01-24T19:14:17.804+0000] {processor.py:208} INFO - Processing /opt/airflow/dags/Flash_Report_12-01-2024.xlsx took 0.049 seconds
[2025-01-24T19:14:48.519+0000] {processor.py:186} INFO - Started process (PID=82) to work on /opt/airflow/dags/Flash_Report_12-01-2024.xlsx
[2025-01-24T19:14:48.520+0000] {processor.py:914} INFO - Processing file /opt/airflow/dags/Flash_Report_12-01-2024.xlsx for tasks to queue
[2025-01-24T19:14:48.523+0000] {logging_mixin.py:190} INFO - [2025-01-24T19:14:48.523+0000] {dagbag.py:588} INFO - Filling up the DagBag from /opt/airflow/dags/Flash_Report_12-01-2024.xlsx
[2025-01-24T19:14:48.538+0000] {processor.py:927} WARNING - No viable dags retrieved from /opt/airflow/dags/Flash_Report_12-01-2024.xlsx
[2025-01-24T19:14:48.559+0000] {processor.py:208} INFO - Processing /opt/airflow/dags/Flash_Report_12-01-2024.xlsx took 0.045 seconds
[2025-01-24T19:15:19.293+0000] {processor.py:186} INFO - Started process (PID=84) to work on /opt/airflow/dags/Flash_Report_12-01-2024.xlsx
[2025-01-24T19:15:19.294+0000] {processor.py:914} INFO - Processing file /opt/airflow/dags/Flash_Report_12-01-2024.xlsx for tasks to queue
[2025-01-24T19:15:19.296+0000] {logging_mixin.py:190} INFO - [2025-01-24T19:15:19.296+0000] {dagbag.py:588} INFO - Filling up the DagBag from /opt/airflow/dags/Flash_Report_12-01-2024.xlsx
[2025-01-24T19:15:19.310+0000] {processor.py:927} WARNING - No viable dags retrieved from /opt/airflow/dags/Flash_Report_12-01-2024.xlsx
[2025-01-24T19:15:19.326+0000] {processor.py:208} INFO - Processing /opt/airflow/dags/Flash_Report_12-01-2024.xlsx took 0.038 seconds
[2025-01-24T19:15:50.237+0000] {processor.py:186} INFO - Started process (PID=86) to work on /opt/airflow/dags/Flash_Report_12-01-2024.xlsx
[2025-01-24T19:15:50.238+0000] {processor.py:914} INFO - Processing file /opt/airflow/dags/Flash_Report_12-01-2024.xlsx for tasks to queue
[2025-01-24T19:15:50.241+0000] {logging_mixin.py:190} INFO - [2025-01-24T19:15:50.240+0000] {dagbag.py:588} INFO - Filling up the DagBag from /opt/airflow/dags/Flash_Report_12-01-2024.xlsx
[2025-01-24T19:15:50.254+0000] {processor.py:927} WARNING - No viable dags retrieved from /opt/airflow/dags/Flash_Report_12-01-2024.xlsx
[2025-01-24T19:15:50.273+0000] {processor.py:208} INFO - Processing /opt/airflow/dags/Flash_Report_12-01-2024.xlsx took 0.042 seconds
[2025-01-24T19:16:21.662+0000] {processor.py:186} INFO - Started process (PID=88) to work on /opt/airflow/dags/Flash_Report_12-01-2024.xlsx
[2025-01-24T19:16:21.664+0000] {processor.py:914} INFO - Processing file /opt/airflow/dags/Flash_Report_12-01-2024.xlsx for tasks to queue
[2025-01-24T19:16:21.666+0000] {logging_mixin.py:190} INFO - [2025-01-24T19:16:21.665+0000] {dagbag.py:588} INFO - Filling up the DagBag from /opt/airflow/dags/Flash_Report_12-01-2024.xlsx
[2025-01-24T19:16:21.678+0000] {processor.py:927} WARNING - No viable dags retrieved from /opt/airflow/dags/Flash_Report_12-01-2024.xlsx
[2025-01-24T19:16:21.695+0000] {processor.py:208} INFO - Processing /opt/airflow/dags/Flash_Report_12-01-2024.xlsx took 0.037 seconds
[2025-01-24T19:16:52.773+0000] {processor.py:186} INFO - Started process (PID=90) to work on /opt/airflow/dags/Flash_Report_12-01-2024.xlsx
[2025-01-24T19:16:52.774+0000] {processor.py:914} INFO - Processing file /opt/airflow/dags/Flash_Report_12-01-2024.xlsx for tasks to queue
[2025-01-24T19:16:52.778+0000] {logging_mixin.py:190} INFO - [2025-01-24T19:16:52.777+0000] {dagbag.py:588} INFO - Filling up the DagBag from /opt/airflow/dags/Flash_Report_12-01-2024.xlsx
[2025-01-24T19:16:52.794+0000] {processor.py:927} WARNING - No viable dags retrieved from /opt/airflow/dags/Flash_Report_12-01-2024.xlsx
[2025-01-24T19:16:52.815+0000] {processor.py:208} INFO - Processing /opt/airflow/dags/Flash_Report_12-01-2024.xlsx took 0.047 seconds
[2025-01-24T19:17:23.923+0000] {processor.py:186} INFO - Started process (PID=92) to work on /opt/airflow/dags/Flash_Report_12-01-2024.xlsx
[2025-01-24T19:17:23.925+0000] {processor.py:914} INFO - Processing file /opt/airflow/dags/Flash_Report_12-01-2024.xlsx for tasks to queue
[2025-01-24T19:17:23.928+0000] {logging_mixin.py:190} INFO - [2025-01-24T19:17:23.928+0000] {dagbag.py:588} INFO - Filling up the DagBag from /opt/airflow/dags/Flash_Report_12-01-2024.xlsx
[2025-01-24T19:17:23.962+0000] {processor.py:927} WARNING - No viable dags retrieved from /opt/airflow/dags/Flash_Report_12-01-2024.xlsx
[2025-01-24T19:17:23.999+0000] {processor.py:208} INFO - Processing /opt/airflow/dags/Flash_Report_12-01-2024.xlsx took 0.082 seconds
[2025-01-24T19:17:54.717+0000] {processor.py:186} INFO - Started process (PID=94) to work on /opt/airflow/dags/Flash_Report_12-01-2024.xlsx
[2025-01-24T19:17:54.718+0000] {processor.py:914} INFO - Processing file /opt/airflow/dags/Flash_Report_12-01-2024.xlsx for tasks to queue
[2025-01-24T19:17:54.721+0000] {logging_mixin.py:190} INFO - [2025-01-24T19:17:54.720+0000] {dagbag.py:588} INFO - Filling up the DagBag from /opt/airflow/dags/Flash_Report_12-01-2024.xlsx
[2025-01-24T19:17:54.738+0000] {processor.py:927} WARNING - No viable dags retrieved from /opt/airflow/dags/Flash_Report_12-01-2024.xlsx
[2025-01-24T19:17:54.762+0000] {processor.py:208} INFO - Processing /opt/airflow/dags/Flash_Report_12-01-2024.xlsx took 0.056 seconds
[2025-01-24T19:18:25.685+0000] {processor.py:186} INFO - Started process (PID=96) to work on /opt/airflow/dags/Flash_Report_12-01-2024.xlsx
[2025-01-24T19:18:25.686+0000] {processor.py:914} INFO - Processing file /opt/airflow/dags/Flash_Report_12-01-2024.xlsx for tasks to queue
[2025-01-24T19:18:25.689+0000] {logging_mixin.py:190} INFO - [2025-01-24T19:18:25.688+0000] {dagbag.py:588} INFO - Filling up the DagBag from /opt/airflow/dags/Flash_Report_12-01-2024.xlsx
[2025-01-24T19:18:25.706+0000] {processor.py:927} WARNING - No viable dags retrieved from /opt/airflow/dags/Flash_Report_12-01-2024.xlsx
[2025-01-24T19:18:25.734+0000] {processor.py:208} INFO - Processing /opt/airflow/dags/Flash_Report_12-01-2024.xlsx took 0.053 seconds
[2025-01-24T19:18:56.404+0000] {processor.py:186} INFO - Started process (PID=98) to work on /opt/airflow/dags/Flash_Report_12-01-2024.xlsx
[2025-01-24T19:18:56.405+0000] {processor.py:914} INFO - Processing file /opt/airflow/dags/Flash_Report_12-01-2024.xlsx for tasks to queue
[2025-01-24T19:18:56.408+0000] {logging_mixin.py:190} INFO - [2025-01-24T19:18:56.407+0000] {dagbag.py:588} INFO - Filling up the DagBag from /opt/airflow/dags/Flash_Report_12-01-2024.xlsx
[2025-01-24T19:18:56.423+0000] {processor.py:927} WARNING - No viable dags retrieved from /opt/airflow/dags/Flash_Report_12-01-2024.xlsx
[2025-01-24T19:18:56.443+0000] {processor.py:208} INFO - Processing /opt/airflow/dags/Flash_Report_12-01-2024.xlsx took 0.045 seconds
[2025-01-24T19:19:27.266+0000] {processor.py:186} INFO - Started process (PID=101) to work on /opt/airflow/dags/Flash_Report_12-01-2024.xlsx
[2025-01-24T19:19:27.267+0000] {processor.py:914} INFO - Processing file /opt/airflow/dags/Flash_Report_12-01-2024.xlsx for tasks to queue
[2025-01-24T19:19:27.270+0000] {logging_mixin.py:190} INFO - [2025-01-24T19:19:27.270+0000] {dagbag.py:588} INFO - Filling up the DagBag from /opt/airflow/dags/Flash_Report_12-01-2024.xlsx
[2025-01-24T19:19:27.287+0000] {processor.py:927} WARNING - No viable dags retrieved from /opt/airflow/dags/Flash_Report_12-01-2024.xlsx
[2025-01-24T19:19:27.310+0000] {processor.py:208} INFO - Processing /opt/airflow/dags/Flash_Report_12-01-2024.xlsx took 0.049 seconds
