[2025-01-25T09:37:57.009+0000] {local_task_job_runner.py:123} INFO - ::group::Pre task execution logs
[2025-01-25T09:37:57.031+0000] {taskinstance.py:2613} INFO - Dependencies all met for dep_context=non-requeueable deps ti=<TaskInstance: Email_POC.welcome manual__2025-01-25T09:37:52.993526+00:00 [queued]>
[2025-01-25T09:37:57.040+0000] {taskinstance.py:2613} INFO - Dependencies all met for dep_context=requeueable deps ti=<TaskInstance: Email_POC.welcome manual__2025-01-25T09:37:52.993526+00:00 [queued]>
[2025-01-25T09:37:57.040+0000] {taskinstance.py:2866} INFO - Starting attempt 1 of 2
[2025-01-25T09:37:57.084+0000] {taskinstance.py:2889} INFO - Executing <Task(BashOperator): welcome> on 2025-01-25 09:37:52.993526+00:00
[2025-01-25T09:37:57.088+0000] {standard_task_runner.py:72} INFO - Started process 95 to run task
[2025-01-25T09:37:57.091+0000] {standard_task_runner.py:104} INFO - Running: ['airflow', 'tasks', 'run', 'Email_POC', 'welcome', 'manual__2025-01-25T09:37:52.993526+00:00', '--job-id', '33', '--raw', '--subdir', 'DAGS_FOLDER/send_email.py', '--cfg-path', '/tmp/tmpc6u58im3']
[2025-01-25T09:37:57.094+0000] {standard_task_runner.py:105} INFO - Job 33: Subtask welcome
[2025-01-25T09:37:57.190+0000] {task_command.py:467} INFO - Running <TaskInstance: Email_POC.welcome manual__2025-01-25T09:37:52.993526+00:00 [running]> on host 41e0ee0a36b9
[2025-01-25T09:37:57.291+0000] {taskinstance.py:3132} INFO - Exporting env vars: AIRFLOW_CTX_DAG_OWNER='airflow' AIRFLOW_CTX_DAG_ID='Email_POC' AIRFLOW_CTX_TASK_ID='welcome' AIRFLOW_CTX_EXECUTION_DATE='2025-01-25T09:37:52.993526+00:00' AIRFLOW_CTX_TRY_NUMBER='1' AIRFLOW_CTX_DAG_RUN_ID='manual__2025-01-25T09:37:52.993526+00:00'
[2025-01-25T09:37:57.292+0000] {taskinstance.py:731} INFO - ::endgroup::
[2025-01-25T09:37:57.319+0000] {subprocess.py:78} INFO - Tmp dir root location: /tmp
[2025-01-25T09:37:57.321+0000] {subprocess.py:88} INFO - Running command: ['/usr/bin/bash', '-c', 'echo "Welcome to the ETL pipeline!"']
[2025-01-25T09:37:57.327+0000] {subprocess.py:99} INFO - Output:
[2025-01-25T09:37:57.329+0000] {subprocess.py:106} INFO - Welcome to the ETL pipeline!
[2025-01-25T09:37:57.330+0000] {subprocess.py:110} INFO - Command exited with return code 0
[2025-01-25T09:37:57.389+0000] {taskinstance.py:340} INFO - ::group::Post task execution logs
[2025-01-25T09:37:57.390+0000] {taskinstance.py:352} INFO - Marking task as SUCCESS. dag_id=Email_POC, task_id=welcome, run_id=manual__2025-01-25T09:37:52.993526+00:00, execution_date=20250125T093752, start_date=20250125T093757, end_date=20250125T093757
[2025-01-25T09:37:57.426+0000] {local_task_job_runner.py:266} INFO - Task exited with return code 0
[2025-01-25T09:37:57.456+0000] {taskinstance.py:3895} INFO - 1 downstream tasks scheduled from follow-on schedule check
[2025-01-25T09:37:57.469+0000] {local_task_job_runner.py:245} INFO - ::endgroup::
