[2025-02-04T10:10:41.707+0000] {processor.py:186} INFO - Started process (PID=80) to work on /opt/airflow/dags/api_dag.py
[2025-02-04T10:10:41.708+0000] {processor.py:914} INFO - Processing file /opt/airflow/dags/api_dag.py for tasks to queue
[2025-02-04T10:10:41.710+0000] {logging_mixin.py:190} INFO - [2025-02-04T10:10:41.710+0000] {dagbag.py:588} INFO - Filling up the DagBag from /opt/airflow/dags/api_dag.py
[2025-02-04T10:10:41.740+0000] {processor.py:925} INFO - DAG(s) 'api_dag' retrieved from /opt/airflow/dags/api_dag.py
[2025-02-04T10:10:41.772+0000] {logging_mixin.py:190} INFO - [2025-02-04T10:10:41.772+0000] {dag.py:3239} INFO - Sync 1 DAGs
[2025-02-04T10:10:41.814+0000] {logging_mixin.py:190} INFO - [2025-02-04T10:10:41.814+0000] {dag.py:4180} INFO - Setting next_dagrun for api_dag to 2025-02-02 18:30:00+00:00, run_after=2025-02-03 18:30:00+00:00
[2025-02-04T10:10:41.886+0000] {processor.py:208} INFO - Processing /opt/airflow/dags/api_dag.py took 0.186 seconds
[2025-02-04T10:11:41.597+0000] {processor.py:186} INFO - Started process (PID=89) to work on /opt/airflow/dags/api_dag.py
[2025-02-04T10:11:41.598+0000] {processor.py:914} INFO - Processing file /opt/airflow/dags/api_dag.py for tasks to queue
[2025-02-04T10:11:41.601+0000] {logging_mixin.py:190} INFO - [2025-02-04T10:11:41.600+0000] {dagbag.py:588} INFO - Filling up the DagBag from /opt/airflow/dags/api_dag.py
[2025-02-04T10:11:41.618+0000] {processor.py:925} INFO - DAG(s) 'api_dag' retrieved from /opt/airflow/dags/api_dag.py
[2025-02-04T10:11:41.645+0000] {logging_mixin.py:190} INFO - [2025-02-04T10:11:41.645+0000] {dag.py:3239} INFO - Sync 1 DAGs
[2025-02-04T10:11:41.684+0000] {logging_mixin.py:190} INFO - [2025-02-04T10:11:41.683+0000] {dag.py:4180} INFO - Setting next_dagrun for api_dag to 2025-02-02 18:30:00+00:00, run_after=2025-02-03 18:30:00+00:00
[2025-02-04T10:11:41.746+0000] {processor.py:208} INFO - Processing /opt/airflow/dags/api_dag.py took 0.155 seconds
[2025-02-04T10:12:42.924+0000] {processor.py:186} INFO - Started process (PID=98) to work on /opt/airflow/dags/api_dag.py
[2025-02-04T10:12:42.926+0000] {processor.py:914} INFO - Processing file /opt/airflow/dags/api_dag.py for tasks to queue
[2025-02-04T10:12:42.931+0000] {logging_mixin.py:190} INFO - [2025-02-04T10:12:42.930+0000] {dagbag.py:588} INFO - Filling up the DagBag from /opt/airflow/dags/api_dag.py
[2025-02-04T10:12:42.969+0000] {processor.py:925} INFO - DAG(s) 'api_dag' retrieved from /opt/airflow/dags/api_dag.py
[2025-02-04T10:12:43.025+0000] {logging_mixin.py:190} INFO - [2025-02-04T10:12:43.024+0000] {dag.py:3239} INFO - Sync 1 DAGs
[2025-02-04T10:12:43.076+0000] {logging_mixin.py:190} INFO - [2025-02-04T10:12:43.076+0000] {dag.py:4180} INFO - Setting next_dagrun for api_dag to 2025-02-02 18:30:00+00:00, run_after=2025-02-03 18:30:00+00:00
[2025-02-04T10:12:43.195+0000] {processor.py:208} INFO - Processing /opt/airflow/dags/api_dag.py took 0.282 seconds
[2025-02-04T10:13:42.562+0000] {processor.py:186} INFO - Started process (PID=107) to work on /opt/airflow/dags/api_dag.py
[2025-02-04T10:13:42.563+0000] {processor.py:914} INFO - Processing file /opt/airflow/dags/api_dag.py for tasks to queue
[2025-02-04T10:13:42.565+0000] {logging_mixin.py:190} INFO - [2025-02-04T10:13:42.565+0000] {dagbag.py:588} INFO - Filling up the DagBag from /opt/airflow/dags/api_dag.py
[2025-02-04T10:13:42.587+0000] {processor.py:925} INFO - DAG(s) 'api_dag' retrieved from /opt/airflow/dags/api_dag.py
[2025-02-04T10:13:42.626+0000] {logging_mixin.py:190} INFO - [2025-02-04T10:13:42.625+0000] {dag.py:3239} INFO - Sync 1 DAGs
[2025-02-04T10:13:42.666+0000] {logging_mixin.py:190} INFO - [2025-02-04T10:13:42.665+0000] {dag.py:4180} INFO - Setting next_dagrun for api_dag to 2025-02-02 18:30:00+00:00, run_after=2025-02-03 18:30:00+00:00
[2025-02-04T10:13:42.768+0000] {processor.py:208} INFO - Processing /opt/airflow/dags/api_dag.py took 0.212 seconds
[2025-02-04T10:14:42.820+0000] {processor.py:186} INFO - Started process (PID=116) to work on /opt/airflow/dags/api_dag.py
[2025-02-04T10:14:42.822+0000] {processor.py:914} INFO - Processing file /opt/airflow/dags/api_dag.py for tasks to queue
[2025-02-04T10:14:42.825+0000] {logging_mixin.py:190} INFO - [2025-02-04T10:14:42.825+0000] {dagbag.py:588} INFO - Filling up the DagBag from /opt/airflow/dags/api_dag.py
[2025-02-04T10:14:42.847+0000] {processor.py:925} INFO - DAG(s) 'api_dag' retrieved from /opt/airflow/dags/api_dag.py
[2025-02-04T10:14:42.873+0000] {logging_mixin.py:190} INFO - [2025-02-04T10:14:42.873+0000] {dag.py:3239} INFO - Sync 1 DAGs
[2025-02-04T10:14:42.901+0000] {logging_mixin.py:190} INFO - [2025-02-04T10:14:42.901+0000] {dag.py:4180} INFO - Setting next_dagrun for api_dag to 2025-02-02 18:30:00+00:00, run_after=2025-02-03 18:30:00+00:00
[2025-02-04T10:14:42.954+0000] {processor.py:208} INFO - Processing /opt/airflow/dags/api_dag.py took 0.140 seconds
[2025-02-04T10:15:43.874+0000] {processor.py:186} INFO - Started process (PID=125) to work on /opt/airflow/dags/api_dag.py
[2025-02-04T10:15:43.877+0000] {processor.py:914} INFO - Processing file /opt/airflow/dags/api_dag.py for tasks to queue
[2025-02-04T10:15:43.881+0000] {logging_mixin.py:190} INFO - [2025-02-04T10:15:43.880+0000] {dagbag.py:588} INFO - Filling up the DagBag from /opt/airflow/dags/api_dag.py
[2025-02-04T10:15:43.911+0000] {processor.py:925} INFO - DAG(s) 'api_dag' retrieved from /opt/airflow/dags/api_dag.py
[2025-02-04T10:15:43.948+0000] {logging_mixin.py:190} INFO - [2025-02-04T10:15:43.947+0000] {dag.py:3239} INFO - Sync 1 DAGs
[2025-02-04T10:15:43.989+0000] {logging_mixin.py:190} INFO - [2025-02-04T10:15:43.989+0000] {dag.py:4180} INFO - Setting next_dagrun for api_dag to 2025-02-02 18:30:00+00:00, run_after=2025-02-03 18:30:00+00:00
[2025-02-04T10:15:44.154+0000] {processor.py:208} INFO - Processing /opt/airflow/dags/api_dag.py took 0.289 seconds
[2025-02-04T10:16:43.825+0000] {processor.py:186} INFO - Started process (PID=134) to work on /opt/airflow/dags/api_dag.py
[2025-02-04T10:16:43.827+0000] {processor.py:914} INFO - Processing file /opt/airflow/dags/api_dag.py for tasks to queue
[2025-02-04T10:16:43.830+0000] {logging_mixin.py:190} INFO - [2025-02-04T10:16:43.829+0000] {dagbag.py:588} INFO - Filling up the DagBag from /opt/airflow/dags/api_dag.py
[2025-02-04T10:16:43.863+0000] {processor.py:925} INFO - DAG(s) 'api_dag' retrieved from /opt/airflow/dags/api_dag.py
[2025-02-04T10:16:43.903+0000] {logging_mixin.py:190} INFO - [2025-02-04T10:16:43.903+0000] {dag.py:3239} INFO - Sync 1 DAGs
[2025-02-04T10:16:43.942+0000] {logging_mixin.py:190} INFO - [2025-02-04T10:16:43.942+0000] {dag.py:4180} INFO - Setting next_dagrun for api_dag to 2025-02-02 18:30:00+00:00, run_after=2025-02-03 18:30:00+00:00
[2025-02-04T10:16:44.035+0000] {processor.py:208} INFO - Processing /opt/airflow/dags/api_dag.py took 0.215 seconds
[2025-02-04T10:17:44.133+0000] {processor.py:186} INFO - Started process (PID=143) to work on /opt/airflow/dags/api_dag.py
[2025-02-04T10:17:44.134+0000] {processor.py:914} INFO - Processing file /opt/airflow/dags/api_dag.py for tasks to queue
[2025-02-04T10:17:44.136+0000] {logging_mixin.py:190} INFO - [2025-02-04T10:17:44.136+0000] {dagbag.py:588} INFO - Filling up the DagBag from /opt/airflow/dags/api_dag.py
[2025-02-04T10:17:44.155+0000] {processor.py:925} INFO - DAG(s) 'api_dag' retrieved from /opt/airflow/dags/api_dag.py
[2025-02-04T10:17:44.183+0000] {logging_mixin.py:190} INFO - [2025-02-04T10:17:44.183+0000] {dag.py:3239} INFO - Sync 1 DAGs
[2025-02-04T10:17:44.218+0000] {logging_mixin.py:190} INFO - [2025-02-04T10:17:44.218+0000] {dag.py:4180} INFO - Setting next_dagrun for api_dag to 2025-02-02 18:30:00+00:00, run_after=2025-02-03 18:30:00+00:00
[2025-02-04T10:17:44.297+0000] {processor.py:208} INFO - Processing /opt/airflow/dags/api_dag.py took 0.168 seconds
[2025-02-04T10:18:44.791+0000] {processor.py:186} INFO - Started process (PID=152) to work on /opt/airflow/dags/api_dag.py
[2025-02-04T10:18:44.792+0000] {processor.py:914} INFO - Processing file /opt/airflow/dags/api_dag.py for tasks to queue
[2025-02-04T10:18:44.796+0000] {logging_mixin.py:190} INFO - [2025-02-04T10:18:44.795+0000] {dagbag.py:588} INFO - Filling up the DagBag from /opt/airflow/dags/api_dag.py
[2025-02-04T10:18:44.821+0000] {processor.py:925} INFO - DAG(s) 'api_dag' retrieved from /opt/airflow/dags/api_dag.py
[2025-02-04T10:18:44.857+0000] {logging_mixin.py:190} INFO - [2025-02-04T10:18:44.857+0000] {dag.py:3239} INFO - Sync 1 DAGs
[2025-02-04T10:18:44.896+0000] {logging_mixin.py:190} INFO - [2025-02-04T10:18:44.895+0000] {dag.py:4180} INFO - Setting next_dagrun for api_dag to 2025-02-02 18:30:00+00:00, run_after=2025-02-03 18:30:00+00:00
[2025-02-04T10:18:44.977+0000] {processor.py:208} INFO - Processing /opt/airflow/dags/api_dag.py took 0.191 seconds
[2025-02-04T10:19:26.118+0000] {processor.py:186} INFO - Started process (PID=161) to work on /opt/airflow/dags/api_dag.py
[2025-02-04T10:19:26.120+0000] {processor.py:914} INFO - Processing file /opt/airflow/dags/api_dag.py for tasks to queue
[2025-02-04T10:19:26.122+0000] {logging_mixin.py:190} INFO - [2025-02-04T10:19:26.122+0000] {dagbag.py:588} INFO - Filling up the DagBag from /opt/airflow/dags/api_dag.py
[2025-02-04T10:19:26.144+0000] {processor.py:925} INFO - DAG(s) 'api_dag' retrieved from /opt/airflow/dags/api_dag.py
[2025-02-04T10:19:26.181+0000] {logging_mixin.py:190} INFO - [2025-02-04T10:19:26.181+0000] {dag.py:3239} INFO - Sync 1 DAGs
[2025-02-04T10:19:26.215+0000] {logging_mixin.py:190} INFO - [2025-02-04T10:19:26.215+0000] {dag.py:4180} INFO - Setting next_dagrun for api_dag to 2025-02-02 18:30:00+00:00, run_after=2025-02-03 18:30:00+00:00
[2025-02-04T10:19:26.292+0000] {processor.py:208} INFO - Processing /opt/airflow/dags/api_dag.py took 0.178 seconds
[2025-02-04T10:21:45.762+0000] {processor.py:186} INFO - Started process (PID=81) to work on /opt/airflow/dags/api_dag.py
[2025-02-04T10:21:45.765+0000] {processor.py:914} INFO - Processing file /opt/airflow/dags/api_dag.py for tasks to queue
[2025-02-04T10:21:45.768+0000] {logging_mixin.py:190} INFO - [2025-02-04T10:21:45.767+0000] {dagbag.py:588} INFO - Filling up the DagBag from /opt/airflow/dags/api_dag.py
[2025-02-04T10:21:45.802+0000] {processor.py:925} INFO - DAG(s) 'api_dag' retrieved from /opt/airflow/dags/api_dag.py
[2025-02-04T10:21:45.841+0000] {logging_mixin.py:190} INFO - [2025-02-04T10:21:45.840+0000] {dag.py:3239} INFO - Sync 1 DAGs
[2025-02-04T10:21:45.875+0000] {logging_mixin.py:190} INFO - [2025-02-04T10:21:45.875+0000] {dag.py:4180} INFO - Setting next_dagrun for api_dag to 2025-02-02 18:30:00+00:00, run_after=2025-02-03 18:30:00+00:00
[2025-02-04T10:21:45.968+0000] {processor.py:208} INFO - Processing /opt/airflow/dags/api_dag.py took 0.210 seconds
