[2025-02-04T10:10:47.131+0000] {processor.py:186} INFO - Started process (PID=84) to work on /opt/airflow/dags/Flash_Report_12-01-2024.xlsx
[2025-02-04T10:10:47.133+0000] {processor.py:914} INFO - Processing file /opt/airflow/dags/Flash_Report_12-01-2024.xlsx for tasks to queue
[2025-02-04T10:10:47.136+0000] {logging_mixin.py:190} INFO - [2025-02-04T10:10:47.135+0000] {dagbag.py:588} INFO - Filling up the DagBag from /opt/airflow/dags/Flash_Report_12-01-2024.xlsx
[2025-02-04T10:10:47.148+0000] {processor.py:927} WARNING - No viable dags retrieved from /opt/airflow/dags/Flash_Report_12-01-2024.xlsx
[2025-02-04T10:10:47.164+0000] {processor.py:208} INFO - Processing /opt/airflow/dags/Flash_Report_12-01-2024.xlsx took 0.037 seconds
[2025-02-04T10:11:46.408+0000] {processor.py:186} INFO - Started process (PID=93) to work on /opt/airflow/dags/Flash_Report_12-01-2024.xlsx
[2025-02-04T10:11:46.409+0000] {processor.py:914} INFO - Processing file /opt/airflow/dags/Flash_Report_12-01-2024.xlsx for tasks to queue
[2025-02-04T10:11:46.412+0000] {logging_mixin.py:190} INFO - [2025-02-04T10:11:46.411+0000] {dagbag.py:588} INFO - Filling up the DagBag from /opt/airflow/dags/Flash_Report_12-01-2024.xlsx
[2025-02-04T10:11:46.422+0000] {processor.py:927} WARNING - No viable dags retrieved from /opt/airflow/dags/Flash_Report_12-01-2024.xlsx
[2025-02-04T10:11:46.439+0000] {processor.py:208} INFO - Processing /opt/airflow/dags/Flash_Report_12-01-2024.xlsx took 0.036 seconds
[2025-02-04T10:12:48.811+0000] {processor.py:186} INFO - Started process (PID=102) to work on /opt/airflow/dags/Flash_Report_12-01-2024.xlsx
[2025-02-04T10:12:48.813+0000] {processor.py:914} INFO - Processing file /opt/airflow/dags/Flash_Report_12-01-2024.xlsx for tasks to queue
[2025-02-04T10:12:48.817+0000] {logging_mixin.py:190} INFO - [2025-02-04T10:12:48.817+0000] {dagbag.py:588} INFO - Filling up the DagBag from /opt/airflow/dags/Flash_Report_12-01-2024.xlsx
[2025-02-04T10:12:48.839+0000] {processor.py:927} WARNING - No viable dags retrieved from /opt/airflow/dags/Flash_Report_12-01-2024.xlsx
[2025-02-04T10:12:48.883+0000] {processor.py:208} INFO - Processing /opt/airflow/dags/Flash_Report_12-01-2024.xlsx took 0.079 seconds
[2025-02-04T10:13:47.273+0000] {processor.py:186} INFO - Started process (PID=111) to work on /opt/airflow/dags/Flash_Report_12-01-2024.xlsx
[2025-02-04T10:13:47.275+0000] {processor.py:914} INFO - Processing file /opt/airflow/dags/Flash_Report_12-01-2024.xlsx for tasks to queue
[2025-02-04T10:13:47.278+0000] {logging_mixin.py:190} INFO - [2025-02-04T10:13:47.278+0000] {dagbag.py:588} INFO - Filling up the DagBag from /opt/airflow/dags/Flash_Report_12-01-2024.xlsx
[2025-02-04T10:13:47.299+0000] {processor.py:927} WARNING - No viable dags retrieved from /opt/airflow/dags/Flash_Report_12-01-2024.xlsx
[2025-02-04T10:13:47.323+0000] {processor.py:208} INFO - Processing /opt/airflow/dags/Flash_Report_12-01-2024.xlsx took 0.057 seconds
[2025-02-04T10:14:47.640+0000] {processor.py:186} INFO - Started process (PID=120) to work on /opt/airflow/dags/Flash_Report_12-01-2024.xlsx
[2025-02-04T10:14:47.641+0000] {processor.py:914} INFO - Processing file /opt/airflow/dags/Flash_Report_12-01-2024.xlsx for tasks to queue
[2025-02-04T10:14:47.644+0000] {logging_mixin.py:190} INFO - [2025-02-04T10:14:47.644+0000] {dagbag.py:588} INFO - Filling up the DagBag from /opt/airflow/dags/Flash_Report_12-01-2024.xlsx
[2025-02-04T10:14:47.658+0000] {processor.py:927} WARNING - No viable dags retrieved from /opt/airflow/dags/Flash_Report_12-01-2024.xlsx
[2025-02-04T10:14:47.686+0000] {processor.py:208} INFO - Processing /opt/airflow/dags/Flash_Report_12-01-2024.xlsx took 0.052 seconds
[2025-02-04T10:15:49.241+0000] {processor.py:186} INFO - Started process (PID=129) to work on /opt/airflow/dags/Flash_Report_12-01-2024.xlsx
[2025-02-04T10:15:49.243+0000] {processor.py:914} INFO - Processing file /opt/airflow/dags/Flash_Report_12-01-2024.xlsx for tasks to queue
[2025-02-04T10:15:49.247+0000] {logging_mixin.py:190} INFO - [2025-02-04T10:15:49.246+0000] {dagbag.py:588} INFO - Filling up the DagBag from /opt/airflow/dags/Flash_Report_12-01-2024.xlsx
[2025-02-04T10:15:49.268+0000] {processor.py:927} WARNING - No viable dags retrieved from /opt/airflow/dags/Flash_Report_12-01-2024.xlsx
[2025-02-04T10:15:49.301+0000] {processor.py:208} INFO - Processing /opt/airflow/dags/Flash_Report_12-01-2024.xlsx took 0.065 seconds
[2025-02-04T10:16:48.613+0000] {processor.py:186} INFO - Started process (PID=138) to work on /opt/airflow/dags/Flash_Report_12-01-2024.xlsx
[2025-02-04T10:16:48.614+0000] {processor.py:914} INFO - Processing file /opt/airflow/dags/Flash_Report_12-01-2024.xlsx for tasks to queue
[2025-02-04T10:16:48.616+0000] {logging_mixin.py:190} INFO - [2025-02-04T10:16:48.616+0000] {dagbag.py:588} INFO - Filling up the DagBag from /opt/airflow/dags/Flash_Report_12-01-2024.xlsx
[2025-02-04T10:16:48.629+0000] {processor.py:927} WARNING - No viable dags retrieved from /opt/airflow/dags/Flash_Report_12-01-2024.xlsx
[2025-02-04T10:16:48.647+0000] {processor.py:208} INFO - Processing /opt/airflow/dags/Flash_Report_12-01-2024.xlsx took 0.040 seconds
[2025-02-04T10:17:48.732+0000] {processor.py:186} INFO - Started process (PID=147) to work on /opt/airflow/dags/Flash_Report_12-01-2024.xlsx
[2025-02-04T10:17:48.733+0000] {processor.py:914} INFO - Processing file /opt/airflow/dags/Flash_Report_12-01-2024.xlsx for tasks to queue
[2025-02-04T10:17:48.737+0000] {logging_mixin.py:190} INFO - [2025-02-04T10:17:48.736+0000] {dagbag.py:588} INFO - Filling up the DagBag from /opt/airflow/dags/Flash_Report_12-01-2024.xlsx
[2025-02-04T10:17:48.758+0000] {processor.py:927} WARNING - No viable dags retrieved from /opt/airflow/dags/Flash_Report_12-01-2024.xlsx
[2025-02-04T10:17:48.788+0000] {processor.py:208} INFO - Processing /opt/airflow/dags/Flash_Report_12-01-2024.xlsx took 0.061 seconds
[2025-02-04T10:18:50.208+0000] {processor.py:186} INFO - Started process (PID=156) to work on /opt/airflow/dags/Flash_Report_12-01-2024.xlsx
[2025-02-04T10:18:50.209+0000] {processor.py:914} INFO - Processing file /opt/airflow/dags/Flash_Report_12-01-2024.xlsx for tasks to queue
[2025-02-04T10:18:50.213+0000] {logging_mixin.py:190} INFO - [2025-02-04T10:18:50.213+0000] {dagbag.py:588} INFO - Filling up the DagBag from /opt/airflow/dags/Flash_Report_12-01-2024.xlsx
[2025-02-04T10:18:50.232+0000] {processor.py:927} WARNING - No viable dags retrieved from /opt/airflow/dags/Flash_Report_12-01-2024.xlsx
[2025-02-04T10:18:50.256+0000] {processor.py:208} INFO - Processing /opt/airflow/dags/Flash_Report_12-01-2024.xlsx took 0.057 seconds
[2025-02-04T10:19:31.047+0000] {processor.py:186} INFO - Started process (PID=165) to work on /opt/airflow/dags/Flash_Report_12-01-2024.xlsx
[2025-02-04T10:19:31.049+0000] {processor.py:914} INFO - Processing file /opt/airflow/dags/Flash_Report_12-01-2024.xlsx for tasks to queue
[2025-02-04T10:19:31.051+0000] {logging_mixin.py:190} INFO - [2025-02-04T10:19:31.051+0000] {dagbag.py:588} INFO - Filling up the DagBag from /opt/airflow/dags/Flash_Report_12-01-2024.xlsx
[2025-02-04T10:19:31.081+0000] {processor.py:927} WARNING - No viable dags retrieved from /opt/airflow/dags/Flash_Report_12-01-2024.xlsx
[2025-02-04T10:19:31.104+0000] {processor.py:208} INFO - Processing /opt/airflow/dags/Flash_Report_12-01-2024.xlsx took 0.062 seconds
[2025-02-04T10:21:50.468+0000] {processor.py:186} INFO - Started process (PID=85) to work on /opt/airflow/dags/Flash_Report_12-01-2024.xlsx
[2025-02-04T10:21:50.469+0000] {processor.py:914} INFO - Processing file /opt/airflow/dags/Flash_Report_12-01-2024.xlsx for tasks to queue
[2025-02-04T10:21:50.472+0000] {logging_mixin.py:190} INFO - [2025-02-04T10:21:50.472+0000] {dagbag.py:588} INFO - Filling up the DagBag from /opt/airflow/dags/Flash_Report_12-01-2024.xlsx
[2025-02-04T10:21:50.486+0000] {processor.py:927} WARNING - No viable dags retrieved from /opt/airflow/dags/Flash_Report_12-01-2024.xlsx
[2025-02-04T10:21:50.514+0000] {processor.py:208} INFO - Processing /opt/airflow/dags/Flash_Report_12-01-2024.xlsx took 0.051 seconds
