[2025-02-04T10:10:45.668+0000] {processor.py:186} INFO - Started process (PID=83) to work on /opt/airflow/dags/send_email.py
[2025-02-04T10:10:45.670+0000] {processor.py:914} INFO - Processing file /opt/airflow/dags/send_email.py for tasks to queue
[2025-02-04T10:10:45.673+0000] {logging_mixin.py:190} INFO - [2025-02-04T10:10:45.672+0000] {dagbag.py:588} INFO - Filling up the DagBag from /opt/airflow/dags/send_email.py
[2025-02-04T10:10:45.759+0000] {processor.py:925} INFO - DAG(s) 'Email_POC' retrieved from /opt/airflow/dags/send_email.py
[2025-02-04T10:10:45.784+0000] {logging_mixin.py:190} INFO - [2025-02-04T10:10:45.783+0000] {dag.py:3239} INFO - Sync 1 DAGs
[2025-02-04T10:10:45.820+0000] {logging_mixin.py:190} INFO - [2025-02-04T10:10:45.820+0000] {dag.py:4180} INFO - Setting next_dagrun for Email_POC to 2025-02-02 11:04:00+00:00, run_after=2025-02-03 11:04:00+00:00
[2025-02-04T10:10:45.880+0000] {processor.py:208} INFO - Processing /opt/airflow/dags/send_email.py took 0.217 seconds
[2025-02-04T10:11:45.002+0000] {processor.py:186} INFO - Started process (PID=92) to work on /opt/airflow/dags/send_email.py
[2025-02-04T10:11:45.004+0000] {processor.py:914} INFO - Processing file /opt/airflow/dags/send_email.py for tasks to queue
[2025-02-04T10:11:45.007+0000] {logging_mixin.py:190} INFO - [2025-02-04T10:11:45.006+0000] {dagbag.py:588} INFO - Filling up the DagBag from /opt/airflow/dags/send_email.py
[2025-02-04T10:11:45.037+0000] {processor.py:925} INFO - DAG(s) 'Email_POC' retrieved from /opt/airflow/dags/send_email.py
[2025-02-04T10:11:45.065+0000] {logging_mixin.py:190} INFO - [2025-02-04T10:11:45.065+0000] {dag.py:3239} INFO - Sync 1 DAGs
[2025-02-04T10:11:45.093+0000] {logging_mixin.py:190} INFO - [2025-02-04T10:11:45.093+0000] {dag.py:4180} INFO - Setting next_dagrun for Email_POC to 2025-02-02 11:04:00+00:00, run_after=2025-02-03 11:04:00+00:00
[2025-02-04T10:11:45.167+0000] {processor.py:208} INFO - Processing /opt/airflow/dags/send_email.py took 0.170 seconds
[2025-02-04T10:12:47.290+0000] {processor.py:186} INFO - Started process (PID=101) to work on /opt/airflow/dags/send_email.py
[2025-02-04T10:12:47.299+0000] {processor.py:914} INFO - Processing file /opt/airflow/dags/send_email.py for tasks to queue
[2025-02-04T10:12:47.305+0000] {logging_mixin.py:190} INFO - [2025-02-04T10:12:47.304+0000] {dagbag.py:588} INFO - Filling up the DagBag from /opt/airflow/dags/send_email.py
[2025-02-04T10:12:47.619+0000] {processor.py:925} INFO - DAG(s) 'Email_POC' retrieved from /opt/airflow/dags/send_email.py
[2025-02-04T10:12:47.746+0000] {logging_mixin.py:190} INFO - [2025-02-04T10:12:47.746+0000] {dag.py:3239} INFO - Sync 1 DAGs
[2025-02-04T10:12:47.866+0000] {logging_mixin.py:190} INFO - [2025-02-04T10:12:47.865+0000] {dag.py:4180} INFO - Setting next_dagrun for Email_POC to 2025-02-02 11:04:00+00:00, run_after=2025-02-03 11:04:00+00:00
[2025-02-04T10:12:48.031+0000] {processor.py:208} INFO - Processing /opt/airflow/dags/send_email.py took 0.752 seconds
[2025-02-04T10:13:45.810+0000] {processor.py:186} INFO - Started process (PID=110) to work on /opt/airflow/dags/send_email.py
[2025-02-04T10:13:45.811+0000] {processor.py:914} INFO - Processing file /opt/airflow/dags/send_email.py for tasks to queue
[2025-02-04T10:13:45.814+0000] {logging_mixin.py:190} INFO - [2025-02-04T10:13:45.814+0000] {dagbag.py:588} INFO - Filling up the DagBag from /opt/airflow/dags/send_email.py
[2025-02-04T10:13:45.837+0000] {processor.py:925} INFO - DAG(s) 'Email_POC' retrieved from /opt/airflow/dags/send_email.py
[2025-02-04T10:13:45.865+0000] {logging_mixin.py:190} INFO - [2025-02-04T10:13:45.865+0000] {dag.py:3239} INFO - Sync 1 DAGs
[2025-02-04T10:13:45.893+0000] {logging_mixin.py:190} INFO - [2025-02-04T10:13:45.893+0000] {dag.py:4180} INFO - Setting next_dagrun for Email_POC to 2025-02-02 11:04:00+00:00, run_after=2025-02-03 11:04:00+00:00
[2025-02-04T10:13:45.956+0000] {processor.py:208} INFO - Processing /opt/airflow/dags/send_email.py took 0.151 seconds
[2025-02-04T10:14:46.195+0000] {processor.py:186} INFO - Started process (PID=119) to work on /opt/airflow/dags/send_email.py
[2025-02-04T10:14:46.197+0000] {processor.py:914} INFO - Processing file /opt/airflow/dags/send_email.py for tasks to queue
[2025-02-04T10:14:46.199+0000] {logging_mixin.py:190} INFO - [2025-02-04T10:14:46.199+0000] {dagbag.py:588} INFO - Filling up the DagBag from /opt/airflow/dags/send_email.py
[2025-02-04T10:14:46.227+0000] {processor.py:925} INFO - DAG(s) 'Email_POC' retrieved from /opt/airflow/dags/send_email.py
[2025-02-04T10:14:46.253+0000] {logging_mixin.py:190} INFO - [2025-02-04T10:14:46.253+0000] {dag.py:3239} INFO - Sync 1 DAGs
[2025-02-04T10:14:46.284+0000] {logging_mixin.py:190} INFO - [2025-02-04T10:14:46.283+0000] {dag.py:4180} INFO - Setting next_dagrun for Email_POC to 2025-02-02 11:04:00+00:00, run_after=2025-02-03 11:04:00+00:00
[2025-02-04T10:14:46.352+0000] {processor.py:208} INFO - Processing /opt/airflow/dags/send_email.py took 0.162 seconds
[2025-02-04T10:15:47.969+0000] {processor.py:186} INFO - Started process (PID=128) to work on /opt/airflow/dags/send_email.py
[2025-02-04T10:15:47.971+0000] {processor.py:914} INFO - Processing file /opt/airflow/dags/send_email.py for tasks to queue
[2025-02-04T10:15:47.973+0000] {logging_mixin.py:190} INFO - [2025-02-04T10:15:47.973+0000] {dagbag.py:588} INFO - Filling up the DagBag from /opt/airflow/dags/send_email.py
[2025-02-04T10:15:48.000+0000] {processor.py:925} INFO - DAG(s) 'Email_POC' retrieved from /opt/airflow/dags/send_email.py
[2025-02-04T10:15:48.038+0000] {logging_mixin.py:190} INFO - [2025-02-04T10:15:48.038+0000] {dag.py:3239} INFO - Sync 1 DAGs
[2025-02-04T10:15:48.073+0000] {logging_mixin.py:190} INFO - [2025-02-04T10:15:48.073+0000] {dag.py:4180} INFO - Setting next_dagrun for Email_POC to 2025-02-02 11:04:00+00:00, run_after=2025-02-03 11:04:00+00:00
[2025-02-04T10:15:48.135+0000] {processor.py:208} INFO - Processing /opt/airflow/dags/send_email.py took 0.170 seconds
[2025-02-04T10:16:47.199+0000] {processor.py:186} INFO - Started process (PID=137) to work on /opt/airflow/dags/send_email.py
[2025-02-04T10:16:47.200+0000] {processor.py:914} INFO - Processing file /opt/airflow/dags/send_email.py for tasks to queue
[2025-02-04T10:16:47.203+0000] {logging_mixin.py:190} INFO - [2025-02-04T10:16:47.202+0000] {dagbag.py:588} INFO - Filling up the DagBag from /opt/airflow/dags/send_email.py
[2025-02-04T10:16:47.238+0000] {processor.py:925} INFO - DAG(s) 'Email_POC' retrieved from /opt/airflow/dags/send_email.py
[2025-02-04T10:16:47.264+0000] {logging_mixin.py:190} INFO - [2025-02-04T10:16:47.264+0000] {dag.py:3239} INFO - Sync 1 DAGs
[2025-02-04T10:16:47.292+0000] {logging_mixin.py:190} INFO - [2025-02-04T10:16:47.292+0000] {dag.py:4180} INFO - Setting next_dagrun for Email_POC to 2025-02-02 11:04:00+00:00, run_after=2025-02-03 11:04:00+00:00
[2025-02-04T10:16:47.352+0000] {processor.py:208} INFO - Processing /opt/airflow/dags/send_email.py took 0.158 seconds
[2025-02-04T10:17:47.315+0000] {processor.py:186} INFO - Started process (PID=146) to work on /opt/airflow/dags/send_email.py
[2025-02-04T10:17:47.316+0000] {processor.py:914} INFO - Processing file /opt/airflow/dags/send_email.py for tasks to queue
[2025-02-04T10:17:47.319+0000] {logging_mixin.py:190} INFO - [2025-02-04T10:17:47.318+0000] {dagbag.py:588} INFO - Filling up the DagBag from /opt/airflow/dags/send_email.py
[2025-02-04T10:17:47.348+0000] {processor.py:925} INFO - DAG(s) 'Email_POC' retrieved from /opt/airflow/dags/send_email.py
[2025-02-04T10:17:47.380+0000] {logging_mixin.py:190} INFO - [2025-02-04T10:17:47.380+0000] {dag.py:3239} INFO - Sync 1 DAGs
[2025-02-04T10:17:47.415+0000] {logging_mixin.py:190} INFO - [2025-02-04T10:17:47.415+0000] {dag.py:4180} INFO - Setting next_dagrun for Email_POC to 2025-02-02 11:04:00+00:00, run_after=2025-02-03 11:04:00+00:00
[2025-02-04T10:17:47.496+0000] {processor.py:208} INFO - Processing /opt/airflow/dags/send_email.py took 0.185 seconds
[2025-02-04T10:18:48.731+0000] {processor.py:186} INFO - Started process (PID=155) to work on /opt/airflow/dags/send_email.py
[2025-02-04T10:18:48.733+0000] {processor.py:914} INFO - Processing file /opt/airflow/dags/send_email.py for tasks to queue
[2025-02-04T10:18:48.736+0000] {logging_mixin.py:190} INFO - [2025-02-04T10:18:48.736+0000] {dagbag.py:588} INFO - Filling up the DagBag from /opt/airflow/dags/send_email.py
[2025-02-04T10:18:48.767+0000] {processor.py:925} INFO - DAG(s) 'Email_POC' retrieved from /opt/airflow/dags/send_email.py
[2025-02-04T10:18:48.850+0000] {logging_mixin.py:190} INFO - [2025-02-04T10:18:48.850+0000] {dag.py:3239} INFO - Sync 1 DAGs
[2025-02-04T10:18:48.918+0000] {logging_mixin.py:190} INFO - [2025-02-04T10:18:48.918+0000] {dag.py:4180} INFO - Setting next_dagrun for Email_POC to 2025-02-02 11:04:00+00:00, run_after=2025-02-03 11:04:00+00:00
[2025-02-04T10:18:49.029+0000] {processor.py:208} INFO - Processing /opt/airflow/dags/send_email.py took 0.304 seconds
[2025-02-04T10:19:29.476+0000] {processor.py:186} INFO - Started process (PID=164) to work on /opt/airflow/dags/send_email.py
[2025-02-04T10:19:29.478+0000] {processor.py:914} INFO - Processing file /opt/airflow/dags/send_email.py for tasks to queue
[2025-02-04T10:19:29.481+0000] {logging_mixin.py:190} INFO - [2025-02-04T10:19:29.480+0000] {dagbag.py:588} INFO - Filling up the DagBag from /opt/airflow/dags/send_email.py
[2025-02-04T10:19:29.516+0000] {processor.py:925} INFO - DAG(s) 'Email_POC' retrieved from /opt/airflow/dags/send_email.py
[2025-02-04T10:19:29.548+0000] {logging_mixin.py:190} INFO - [2025-02-04T10:19:29.547+0000] {dag.py:3239} INFO - Sync 1 DAGs
[2025-02-04T10:19:29.591+0000] {logging_mixin.py:190} INFO - [2025-02-04T10:19:29.591+0000] {dag.py:4180} INFO - Setting next_dagrun for Email_POC to 2025-02-02 11:04:00+00:00, run_after=2025-02-03 11:04:00+00:00
[2025-02-04T10:19:29.697+0000] {processor.py:208} INFO - Processing /opt/airflow/dags/send_email.py took 0.227 seconds
[2025-02-04T10:21:49.036+0000] {processor.py:186} INFO - Started process (PID=84) to work on /opt/airflow/dags/send_email.py
[2025-02-04T10:21:49.037+0000] {processor.py:914} INFO - Processing file /opt/airflow/dags/send_email.py for tasks to queue
[2025-02-04T10:21:49.039+0000] {logging_mixin.py:190} INFO - [2025-02-04T10:21:49.039+0000] {dagbag.py:588} INFO - Filling up the DagBag from /opt/airflow/dags/send_email.py
[2025-02-04T10:21:49.064+0000] {processor.py:925} INFO - DAG(s) 'Email_POC' retrieved from /opt/airflow/dags/send_email.py
[2025-02-04T10:21:49.102+0000] {logging_mixin.py:190} INFO - [2025-02-04T10:21:49.101+0000] {dag.py:3239} INFO - Sync 1 DAGs
[2025-02-04T10:21:49.134+0000] {logging_mixin.py:190} INFO - [2025-02-04T10:21:49.133+0000] {dag.py:4180} INFO - Setting next_dagrun for Email_POC to 2025-02-02 11:04:00+00:00, run_after=2025-02-03 11:04:00+00:00
[2025-02-04T10:21:49.192+0000] {processor.py:208} INFO - Processing /opt/airflow/dags/send_email.py took 0.161 seconds
