[2025-02-04T10:00:21.532+0000] {local_task_job_runner.py:123} INFO - ::group::Pre task execution logs
[2025-02-04T10:00:21.576+0000] {taskinstance.py:2613} INFO - Dependencies all met for dep_context=non-requeueable deps ti=<TaskInstance: Report_POC.fetch_reports scheduled__2025-02-03T09:30:00+00:00 [queued]>
[2025-02-04T10:00:21.629+0000] {taskinstance.py:2613} INFO - Dependencies all met for dep_context=requeueable deps ti=<TaskInstance: Report_POC.fetch_reports scheduled__2025-02-03T09:30:00+00:00 [queued]>
[2025-02-04T10:00:21.630+0000] {taskinstance.py:2866} INFO - Starting attempt 1 of 2
[2025-02-04T10:00:21.749+0000] {taskinstance.py:2889} INFO - Executing <Task(PythonOperator): fetch_reports> on 2025-02-03 09:30:00+00:00
[2025-02-04T10:00:21.755+0000] {standard_task_runner.py:72} INFO - Started process 104 to run task
[2025-02-04T10:00:21.762+0000] {standard_task_runner.py:104} INFO - Running: ['airflow', 'tasks', 'run', 'Report_POC', 'fetch_reports', 'scheduled__2025-02-03T09:30:00+00:00', '--job-id', '142', '--raw', '--subdir', 'DAGS_FOLDER/rabbitmq_producer.py', '--cfg-path', '/tmp/tmpatnwzuyt']
[2025-02-04T10:00:21.767+0000] {standard_task_runner.py:105} INFO - Job 142: Subtask fetch_reports
[2025-02-04T10:00:22.048+0000] {task_command.py:467} INFO - Running <TaskInstance: Report_POC.fetch_reports scheduled__2025-02-03T09:30:00+00:00 [running]> on host 9fafe4743fff
[2025-02-04T10:00:22.480+0000] {taskinstance.py:3132} INFO - Exporting env vars: AIRFLOW_CTX_DAG_OWNER='airflow' AIRFLOW_CTX_DAG_ID='Report_POC' AIRFLOW_CTX_TASK_ID='fetch_reports' AIRFLOW_CTX_EXECUTION_DATE='2025-02-03T09:30:00+00:00' AIRFLOW_CTX_TRY_NUMBER='1' AIRFLOW_CTX_DAG_RUN_ID='scheduled__2025-02-03T09:30:00+00:00'
[2025-02-04T10:00:22.482+0000] {taskinstance.py:731} INFO - ::endgroup::
[2025-02-04T10:00:22.510+0000] {connection_workflow.py:179} INFO - Pika version 1.3.2 connecting to ('172.18.0.4', 5672)
[2025-02-04T10:00:22.512+0000] {io_services_utils.py:345} INFO - Socket connected: <socket.socket fd=7, family=2, type=1, proto=6, laddr=('172.18.0.6', 54942), raddr=('172.18.0.4', 5672)>
[2025-02-04T10:00:22.515+0000] {connection_workflow.py:428} INFO - Streaming transport linked up: (<pika.adapters.utils.io_services_utils._AsyncPlaintextTransport object at 0x7f6c8c9c50a0>, _StreamingProtocolShim: <SelectConnection PROTOCOL transport=<pika.adapters.utils.io_services_utils._AsyncPlaintextTransport object at 0x7f6c8c9c50a0> params=<ConnectionParameters host=rabbitmq port=5672 virtual_host=/ ssl=False>>).
[2025-02-04T10:00:22.525+0000] {connection_workflow.py:293} INFO - AMQPConnector - reporting success: <SelectConnection OPEN transport=<pika.adapters.utils.io_services_utils._AsyncPlaintextTransport object at 0x7f6c8c9c50a0> params=<ConnectionParameters host=rabbitmq port=5672 virtual_host=/ ssl=False>>
[2025-02-04T10:00:22.527+0000] {connection_workflow.py:725} INFO - AMQPConnectionWorkflow - reporting success: <SelectConnection OPEN transport=<pika.adapters.utils.io_services_utils._AsyncPlaintextTransport object at 0x7f6c8c9c50a0> params=<ConnectionParameters host=rabbitmq port=5672 virtual_host=/ ssl=False>>
[2025-02-04T10:00:22.529+0000] {blocking_connection.py:453} INFO - Connection workflow succeeded: <SelectConnection OPEN transport=<pika.adapters.utils.io_services_utils._AsyncPlaintextTransport object at 0x7f6c8c9c50a0> params=<ConnectionParameters host=rabbitmq port=5672 virtual_host=/ ssl=False>>
[2025-02-04T10:00:22.530+0000] {blocking_connection.py:1264} INFO - Created channel=1
[2025-02-04T10:07:43.369+0000] {local_task_job_runner.py:127} ERROR - Received SIGTERM. Terminating subprocesses
[2025-02-04T10:07:43.421+0000] {process_utils.py:132} INFO - Sending 15 to group 104. PIDs of all processes in the group: [104]
[2025-02-04T10:07:43.428+0000] {process_utils.py:87} INFO - Sending the signal 15 to group 104
[2025-02-04T10:07:43.433+0000] {taskinstance.py:3093} ERROR - Received SIGTERM. Terminating subprocesses.
